2018-05-10 20:50:28,938 DEBUG n.a.d.j.g.JsonDataGenerator [main] Creating Simulation Runner using Simulation Config [ defaultSimConfig.json ]
2018-05-10 20:50:29,193 INFO n.a.d.j.g.JsonDataGenerator [main] Adding NATS Logger with properties: {type=nats, broker.server=127.0.0.1, broker.port=4222, topic=vehicle, flatten=false, sync=false}
2018-05-10 20:50:29,524 INFO n.a.d.j.g.JsonDataGenerator [main] Adding Log4JLogger Producer
2018-05-10 20:50:29,532 INFO n.a.d.j.g.SimulationRunner [main] Adding EventGenerator for [ test,normalUser1Workflow.json ]
2018-05-10 20:50:29,535 INFO n.a.d.j.g.SimulationRunner [main] Adding EventGenerator for [ test,normalUser1Workflow.json ]
2018-05-10 20:50:29,540 INFO n.a.d.j.g.SimulationRunner [main] Adding EventGenerator for [ test,normalUser1Workflow.json ]
2018-05-10 20:50:29,545 INFO n.a.d.j.g.SimulationRunner [main] Adding EventGenerator for [ test,normalUser1Workflow.json ]
2018-05-10 20:50:29,546 INFO n.a.d.j.g.SimulationRunner [main] Starting Simulation
2018-05-10 20:50:29,714 DEBUG n.a.d.j.g.t.TypeHandlerFactory [Thread-4] Discovered TypeHandler [ randomIncrementLong,net.acesinc.data.json.generator.types.RandomIncrementLongType ]
2018-05-10 20:50:29,714 DEBUG n.a.d.j.g.t.TypeHandlerFactory [Thread-3] Discovered TypeHandler [ randomIncrementLong,net.acesinc.data.json.generator.types.RandomIncrementLongType ]
2018-05-10 20:50:29,714 DEBUG n.a.d.j.g.t.TypeHandlerFactory [Thread-2] Discovered TypeHandler [ randomIncrementLong,net.acesinc.data.json.generator.types.RandomIncrementLongType ]
2018-05-10 20:50:29,714 DEBUG n.a.d.j.g.t.TypeHandlerFactory [Thread-1] Discovered TypeHandler [ randomIncrementLong,net.acesinc.data.json.generator.types.RandomIncrementLongType ]
2018-05-10 20:50:29,714 DEBUG n.a.d.j.g.t.TypeHandlerFactory [Thread-2] Discovered TypeHandler [ boolean,net.acesinc.data.json.generator.types.BooleanType ]
2018-05-10 20:50:29,715 DEBUG n.a.d.j.g.t.TypeHandlerFactory [Thread-3] Discovered TypeHandler [ boolean,net.acesinc.data.json.generator.types.BooleanType ]
2018-05-10 20:50:29,715 DEBUG n.a.d.j.g.t.TypeHandlerFactory [Thread-4] Discovered TypeHandler [ boolean,net.acesinc.data.json.generator.types.BooleanType ]
2018-05-10 20:50:29,714 DEBUG n.a.d.j.g.t.TypeHandlerFactory [Thread-1] Discovered TypeHandler [ boolean,net.acesinc.data.json.generator.types.BooleanType ]
2018-05-10 20:50:29,715 DEBUG n.a.d.j.g.t.TypeHandlerFactory [Thread-2] Discovered TypeHandler [ timestamp,net.acesinc.data.json.generator.types.TimestampType ]
2018-05-10 20:50:29,716 DEBUG n.a.d.j.g.t.TypeHandlerFactory [Thread-1] Discovered TypeHandler [ timestamp,net.acesinc.data.json.generator.types.TimestampType ]
2018-05-10 20:50:29,716 DEBUG n.a.d.j.g.t.TypeHandlerFactory [Thread-4] Discovered TypeHandler [ timestamp,net.acesinc.data.json.generator.types.TimestampType ]
2018-05-10 20:50:29,716 DEBUG n.a.d.j.g.t.TypeHandlerFactory [Thread-1] Discovered TypeHandler [ random,net.acesinc.data.json.generator.types.RandomType ]
2018-05-10 20:50:29,716 DEBUG n.a.d.j.g.t.TypeHandlerFactory [Thread-2] Discovered TypeHandler [ random,net.acesinc.data.json.generator.types.RandomType ]
2018-05-10 20:50:29,716 DEBUG n.a.d.j.g.t.TypeHandlerFactory [Thread-2] Discovered TypeHandler [ now,net.acesinc.data.json.generator.types.NowType ]
2018-05-10 20:50:29,716 DEBUG n.a.d.j.g.t.TypeHandlerFactory [Thread-4] Discovered TypeHandler [ random,net.acesinc.data.json.generator.types.RandomType ]
2018-05-10 20:50:29,716 DEBUG n.a.d.j.g.t.TypeHandlerFactory [Thread-1] Discovered TypeHandler [ now,net.acesinc.data.json.generator.types.NowType ]
2018-05-10 20:50:29,716 DEBUG n.a.d.j.g.t.TypeHandlerFactory [Thread-4] Discovered TypeHandler [ now,net.acesinc.data.json.generator.types.NowType ]
2018-05-10 20:50:29,717 DEBUG n.a.d.j.g.t.TypeHandlerFactory [Thread-1] Discovered TypeHandler [ double,net.acesinc.data.json.generator.types.DoubleType ]
2018-05-10 20:50:29,717 DEBUG n.a.d.j.g.t.TypeHandlerFactory [Thread-2] Discovered TypeHandler [ double,net.acesinc.data.json.generator.types.DoubleType ]
2018-05-10 20:50:29,717 DEBUG n.a.d.j.g.t.TypeHandlerFactory [Thread-1] Discovered TypeHandler [ alpha,net.acesinc.data.json.generator.types.AlphaType ]
2018-05-10 20:50:29,716 DEBUG n.a.d.j.g.t.TypeHandlerFactory [Thread-3] Discovered TypeHandler [ timestamp,net.acesinc.data.json.generator.types.TimestampType ]
2018-05-10 20:50:29,717 DEBUG n.a.d.j.g.t.TypeHandlerFactory [Thread-2] Discovered TypeHandler [ alpha,net.acesinc.data.json.generator.types.AlphaType ]
2018-05-10 20:50:29,717 DEBUG n.a.d.j.g.t.TypeHandlerFactory [Thread-3] Discovered TypeHandler [ random,net.acesinc.data.json.generator.types.RandomType ]
2018-05-10 20:50:29,717 DEBUG n.a.d.j.g.t.TypeHandlerFactory [Thread-1] Discovered TypeHandler [ counter,net.acesinc.data.json.generator.types.CounterType ]
2018-05-10 20:50:29,718 DEBUG n.a.d.j.g.t.TypeHandlerFactory [Thread-3] Discovered TypeHandler [ now,net.acesinc.data.json.generator.types.NowType ]
2018-05-10 20:50:29,718 DEBUG n.a.d.j.g.t.TypeHandlerFactory [Thread-1] Discovered TypeHandler [ integer,net.acesinc.data.json.generator.types.IntegerType ]
2018-05-10 20:50:29,718 DEBUG n.a.d.j.g.t.TypeHandlerFactory [Thread-3] Discovered TypeHandler [ double,net.acesinc.data.json.generator.types.DoubleType ]
2018-05-10 20:50:29,718 DEBUG n.a.d.j.g.t.TypeHandlerFactory [Thread-1] Discovered TypeHandler [ date,net.acesinc.data.json.generator.types.DateType ]
2018-05-10 20:50:29,719 DEBUG n.a.d.j.g.t.TypeHandlerFactory [Thread-4] Discovered TypeHandler [ double,net.acesinc.data.json.generator.types.DoubleType ]
2018-05-10 20:50:29,719 DEBUG n.a.d.j.g.t.TypeHandlerFactory [Thread-3] Discovered TypeHandler [ alpha,net.acesinc.data.json.generator.types.AlphaType ]
2018-05-10 20:50:29,719 DEBUG n.a.d.j.g.t.TypeHandlerFactory [Thread-3] Discovered TypeHandler [ counter,net.acesinc.data.json.generator.types.CounterType ]
2018-05-10 20:50:29,719 DEBUG n.a.d.j.g.t.TypeHandlerFactory [Thread-1] Discovered TypeHandler [ firstName,net.acesinc.data.json.generator.types.FirstName ]
2018-05-10 20:50:29,719 DEBUG n.a.d.j.g.t.TypeHandlerFactory [Thread-3] Discovered TypeHandler [ integer,net.acesinc.data.json.generator.types.IntegerType ]
2018-05-10 20:50:29,720 DEBUG n.a.d.j.g.t.TypeHandlerFactory [Thread-3] Discovered TypeHandler [ date,net.acesinc.data.json.generator.types.DateType ]
2018-05-10 20:50:29,720 DEBUG n.a.d.j.g.t.TypeHandlerFactory [Thread-3] Discovered TypeHandler [ firstName,net.acesinc.data.json.generator.types.FirstName ]
2018-05-10 20:50:29,720 DEBUG n.a.d.j.g.t.TypeHandlerFactory [Thread-4] Discovered TypeHandler [ alpha,net.acesinc.data.json.generator.types.AlphaType ]
2018-05-10 20:50:29,720 DEBUG n.a.d.j.g.t.TypeHandlerFactory [Thread-4] Discovered TypeHandler [ counter,net.acesinc.data.json.generator.types.CounterType ]
2018-05-10 20:50:29,720 DEBUG n.a.d.j.g.t.TypeHandlerFactory [Thread-1] Discovered TypeHandler [ alphaNumeric,net.acesinc.data.json.generator.types.AlphaNumericType ]
2018-05-10 20:50:29,720 DEBUG n.a.d.j.g.t.TypeHandlerFactory [Thread-4] Discovered TypeHandler [ integer,net.acesinc.data.json.generator.types.IntegerType ]
2018-05-10 20:50:29,720 DEBUG n.a.d.j.g.t.TypeHandlerFactory [Thread-4] Discovered TypeHandler [ date,net.acesinc.data.json.generator.types.DateType ]
2018-05-10 20:50:29,720 DEBUG n.a.d.j.g.t.TypeHandlerFactory [Thread-3] Discovered TypeHandler [ alphaNumeric,net.acesinc.data.json.generator.types.AlphaNumericType ]
2018-05-10 20:50:29,721 DEBUG n.a.d.j.g.t.TypeHandlerFactory [Thread-1] Discovered TypeHandler [ nowTimestamp,net.acesinc.data.json.generator.types.NowTimestampType ]
2018-05-10 20:50:29,719 DEBUG n.a.d.j.g.t.TypeHandlerFactory [Thread-2] Discovered TypeHandler [ counter,net.acesinc.data.json.generator.types.CounterType ]
2018-05-10 20:50:29,721 DEBUG n.a.d.j.g.t.TypeHandlerFactory [Thread-2] Discovered TypeHandler [ integer,net.acesinc.data.json.generator.types.IntegerType ]
2018-05-10 20:50:29,721 DEBUG n.a.d.j.g.t.TypeHandlerFactory [Thread-1] Discovered TypeHandler [ uuid,net.acesinc.data.json.generator.types.UuidType ]
2018-05-10 20:50:29,721 DEBUG n.a.d.j.g.t.TypeHandlerFactory [Thread-2] Discovered TypeHandler [ date,net.acesinc.data.json.generator.types.DateType ]
2018-05-10 20:50:29,721 DEBUG n.a.d.j.g.t.TypeHandlerFactory [Thread-1] Discovered TypeHandler [ lastName,net.acesinc.data.json.generator.types.LastName ]
2018-05-10 20:50:29,721 DEBUG n.a.d.j.g.t.TypeHandlerFactory [Thread-2] Discovered TypeHandler [ firstName,net.acesinc.data.json.generator.types.FirstName ]
2018-05-10 20:50:29,721 DEBUG n.a.d.j.g.t.TypeHandlerFactory [Thread-2] Discovered TypeHandler [ alphaNumeric,net.acesinc.data.json.generator.types.AlphaNumericType ]
2018-05-10 20:50:29,721 DEBUG n.a.d.j.g.t.TypeHandlerFactory [Thread-1] Discovered TypeHandler [ long,net.acesinc.data.json.generator.types.LongType ]
2018-05-10 20:50:29,721 DEBUG n.a.d.j.g.t.TypeHandlerFactory [Thread-2] Discovered TypeHandler [ nowTimestamp,net.acesinc.data.json.generator.types.NowTimestampType ]
2018-05-10 20:50:29,721 DEBUG n.a.d.j.g.t.TypeHandlerFactory [Thread-1] Discovered TypeHandler [ stringMerge,net.acesinc.data.json.generator.types.StringMergeType ]
2018-05-10 20:50:29,721 DEBUG n.a.d.j.g.t.TypeHandlerFactory [Thread-3] Discovered TypeHandler [ nowTimestamp,net.acesinc.data.json.generator.types.NowTimestampType ]
2018-05-10 20:50:29,722 DEBUG n.a.d.j.g.t.TypeHandlerFactory [Thread-3] Discovered TypeHandler [ uuid,net.acesinc.data.json.generator.types.UuidType ]
2018-05-10 20:50:29,720 DEBUG n.a.d.j.g.t.TypeHandlerFactory [Thread-4] Discovered TypeHandler [ firstName,net.acesinc.data.json.generator.types.FirstName ]
2018-05-10 20:50:29,722 DEBUG n.a.d.j.g.t.TypeHandlerFactory [Thread-3] Discovered TypeHandler [ lastName,net.acesinc.data.json.generator.types.LastName ]
2018-05-10 20:50:29,721 DEBUG n.a.d.j.g.t.TypeHandlerFactory [Thread-2] Discovered TypeHandler [ uuid,net.acesinc.data.json.generator.types.UuidType ]
2018-05-10 20:50:29,723 DEBUG n.a.d.j.g.l.NatsLogger [Thread-1] Sending event to [vehicle] on gnatsd: [ {"timestamp":1525985429722,"system":"BADGE","actor":"bob","action":"ENTER","objects":["Building 1"],"location":"45.5,44.3","message":"Entered Building 1"} ]
2018-05-10 20:50:29,723 DEBUG n.a.d.j.g.t.TypeHandlerFactory [Thread-2] Discovered TypeHandler [ lastName,net.acesinc.data.json.generator.types.LastName ]
2018-05-10 20:50:29,723 DEBUG n.a.d.j.g.t.TypeHandlerFactory [Thread-2] Discovered TypeHandler [ long,net.acesinc.data.json.generator.types.LongType ]
2018-05-10 20:50:29,723 DEBUG n.a.d.j.g.t.TypeHandlerFactory [Thread-2] Discovered TypeHandler [ stringMerge,net.acesinc.data.json.generator.types.StringMergeType ]
2018-05-10 20:50:29,724 DEBUG n.a.d.j.g.l.NatsLogger [Thread-2] Sending event to [vehicle] on gnatsd: [ {"timestamp":1525985429724,"system":"BADGE","actor":"bob","action":"ENTER","objects":["Building 1"],"location":"45.5,44.3","message":"Entered Building 1"} ]
2018-05-10 20:50:29,725 DEBUG n.a.d.j.g.t.TypeHandlerFactory [Thread-3] Discovered TypeHandler [ long,net.acesinc.data.json.generator.types.LongType ]
2018-05-10 20:50:29,725 DEBUG n.a.d.j.g.t.TypeHandlerFactory [Thread-3] Discovered TypeHandler [ stringMerge,net.acesinc.data.json.generator.types.StringMergeType ]
2018-05-10 20:50:29,725 DEBUG n.a.d.j.g.t.TypeHandlerFactory [Thread-4] Discovered TypeHandler [ alphaNumeric,net.acesinc.data.json.generator.types.AlphaNumericType ]
2018-05-10 20:50:29,725 DEBUG n.a.d.j.g.t.TypeHandlerFactory [Thread-4] Discovered TypeHandler [ nowTimestamp,net.acesinc.data.json.generator.types.NowTimestampType ]
2018-05-10 20:50:29,725 DEBUG n.a.d.j.g.l.NatsLogger [Thread-3] Sending event to [vehicle] on gnatsd: [ {"timestamp":1525985429725,"system":"BADGE","actor":"bob","action":"ENTER","objects":["Building 1"],"location":"45.5,44.3","message":"Entered Building 1"} ]
2018-05-10 20:50:29,725 DEBUG n.a.d.j.g.t.TypeHandlerFactory [Thread-4] Discovered TypeHandler [ uuid,net.acesinc.data.json.generator.types.UuidType ]
2018-05-10 20:50:29,726 DEBUG n.a.d.j.g.t.TypeHandlerFactory [Thread-4] Discovered TypeHandler [ lastName,net.acesinc.data.json.generator.types.LastName ]
2018-05-10 20:50:29,726 DEBUG n.a.d.j.g.t.TypeHandlerFactory [Thread-4] Discovered TypeHandler [ long,net.acesinc.data.json.generator.types.LongType ]
2018-05-10 20:50:29,726 DEBUG n.a.d.j.g.t.TypeHandlerFactory [Thread-4] Discovered TypeHandler [ stringMerge,net.acesinc.data.json.generator.types.StringMergeType ]
2018-05-10 20:50:29,726 DEBUG n.a.d.j.g.l.NatsLogger [Thread-4] Sending event to [vehicle] on gnatsd: [ {"timestamp":1525985429726,"system":"BADGE","actor":"bob","action":"ENTER","objects":["Building 1"],"location":"45.5,44.3","message":"Entered Building 1"} ]
2018-05-10 20:50:31,899 TRACE n.a.d.j.g.EventGenerator [Thread-2] Generator( test ) generated 0.0 events/sec
2018-05-10 20:50:31,901 DEBUG n.a.d.j.g.l.NatsLogger [Thread-2] Sending event to [vehicle] on gnatsd: [ {"timestamp":1525985431900,"system":"AD","actor":"bob","action":"LOGIN","objects":["workstation1"],"location":null,"message":"Logged in to workstation 1"} ]
2018-05-10 20:50:31,951 TRACE n.a.d.j.g.EventGenerator [Thread-4] Generator( test ) generated 0.0 events/sec
2018-05-10 20:50:31,952 DEBUG n.a.d.j.g.l.NatsLogger [Thread-4] Sending event to [vehicle] on gnatsd: [ {"timestamp":1525985431952,"system":"AD","actor":"bob","action":"LOGIN","objects":["workstation1"],"location":null,"message":"Logged in to workstation 1"} ]
2018-05-10 20:50:33,079 TRACE n.a.d.j.g.EventGenerator [Thread-1] Generator( test ) generated 0.0 events/sec
2018-05-10 20:50:33,080 DEBUG n.a.d.j.g.l.NatsLogger [Thread-1] Sending event to [vehicle] on gnatsd: [ {"timestamp":1525985433080,"system":"AD","actor":"bob","action":"LOGIN","objects":["workstation1"],"location":null,"message":"Logged in to workstation 1"} ]
2018-05-10 20:50:33,236 TRACE n.a.d.j.g.EventGenerator [Thread-3] Generator( test ) generated 0.0 events/sec
2018-05-10 20:50:33,236 DEBUG n.a.d.j.g.l.NatsLogger [Thread-3] Sending event to [vehicle] on gnatsd: [ {"timestamp":1525985433236,"system":"AD","actor":"bob","action":"LOGIN","objects":["workstation1"],"location":null,"message":"Logged in to workstation 1"} ]
2018-05-10 20:50:34,431 TRACE n.a.d.j.g.EventGenerator [Thread-2] Generator( test ) generated 0.0 events/sec
2018-05-10 20:50:34,467 DEBUG n.a.d.j.g.l.NatsLogger [Thread-2] Sending event to [vehicle] on gnatsd: [ {"timestamp":1525985434434,"system":"AUDIT","actor":"bob","action":"PRINT","objects":["/data/file1.txt","/share/mystuff/file2.txt"],"location":null,"message":"Printed /data/file1.txt"} ]
2018-05-10 20:50:35,245 TRACE n.a.d.j.g.EventGenerator [Thread-4] Generator( test ) generated 0.0 events/sec
2018-05-10 20:50:35,245 DEBUG n.a.d.j.g.l.NatsLogger [Thread-4] Sending event to [vehicle] on gnatsd: [ {"timestamp":1525985435245,"system":"AUDIT","actor":"bob","action":"COPY","objects":["/data/file1.txt","/share/mystuff/file2.txt"],"location":null,"message":"Printed /data/file1.txt"} ]
2018-05-10 20:50:35,591 TRACE n.a.d.j.g.EventGenerator [Thread-1] Generator( test ) generated 0.0 events/sec
2018-05-10 20:50:35,592 DEBUG n.a.d.j.g.l.NatsLogger [Thread-1] Sending event to [vehicle] on gnatsd: [ {"timestamp":1525985435592,"system":"AUDIT","actor":"bob","action":"COPY","objects":["/data/file1.txt","/share/mystuff/file2.txt"],"location":null,"message":"Printed /data/file1.txt"} ]
2018-05-10 20:50:36,612 TRACE n.a.d.j.g.EventGenerator [Thread-3] Generator( test ) generated 0.0 events/sec
2018-05-10 20:50:36,613 DEBUG n.a.d.j.g.l.NatsLogger [Thread-3] Sending event to [vehicle] on gnatsd: [ {"timestamp":1525985436613,"system":"AUDIT","actor":"bob","action":"COPY","objects":["/data/file1.txt","/share/mystuff/file2.txt"],"location":null,"message":"Printed /data/file1.txt"} ]
2018-05-10 20:50:38,106 DEBUG n.a.d.j.g.l.NatsLogger [Thread-2] Sending event to [vehicle] on gnatsd: [ {"timestamp":1525985438106,"system":"AUDIT","actor":"bob","action":"COPY","objects":["/data/file1.txt","/share/mystuff/file2.txt"],"location":null,"message":"Printed /data/file1.txt"} ]
2018-05-10 20:50:38,270 DEBUG n.a.d.j.g.l.NatsLogger [Thread-4] Sending event to [vehicle] on gnatsd: [ {"timestamp":1525985438270,"system":"AUDIT","actor":"bob","action":"COPY","objects":["/data/file1.txt","/share/mystuff/file2.txt"],"location":null,"message":"Printed /data/file1.txt"} ]
2018-05-10 20:50:38,520 DEBUG n.a.d.j.g.l.NatsLogger [Thread-1] Sending event to [vehicle] on gnatsd: [ {"timestamp":1525985438513,"system":"AUDIT","actor":"bob","action":"OPEN","objects":["/data/file1.txt","/share/mystuff/file2.txt"],"location":null,"message":"Printed /data/file1.txt"} ]
2018-05-10 20:50:39,763 DEBUG n.a.d.j.g.l.NatsLogger [Thread-3] Sending event to [vehicle] on gnatsd: [ {"timestamp":1525985439763,"system":"AUDIT","actor":"bob","action":"COPY","objects":["/data/file1.txt","/share/mystuff/file2.txt"],"location":null,"message":"Printed /data/file1.txt"} ]
2018-05-10 20:50:40,462 DEBUG n.a.d.j.g.l.NatsLogger [Thread-4] Sending event to [vehicle] on gnatsd: [ {"timestamp":1525985440461,"system":"AUDIT","actor":"bob","action":"PRINT","objects":["/data/file1.txt","/share/mystuff/file2.txt"],"location":null,"message":"Printed /data/file1.txt"} ]
2018-05-10 20:50:40,906 DEBUG n.a.d.j.g.l.NatsLogger [Thread-2] Sending event to [vehicle] on gnatsd: [ {"timestamp":1525985440905,"system":"AUDIT","actor":"bob","action":"COPY","objects":["/data/file1.txt","/share/mystuff/file2.txt"],"location":null,"message":"Printed /data/file1.txt"} ]
2018-05-10 20:50:40,925 DEBUG n.a.d.j.g.l.NatsLogger [Thread-1] Sending event to [vehicle] on gnatsd: [ {"timestamp":1525985440925,"system":"AUDIT","actor":"bob","action":"PRINT","objects":["/data/file1.txt","/share/mystuff/file2.txt"],"location":null,"message":"Printed /data/file1.txt"} ]
2018-05-10 20:50:43,404 DEBUG n.a.d.j.g.l.NatsLogger [Thread-4] Sending event to [vehicle] on gnatsd: [ {"timestamp":1525985443404,"system":"AUDIT","actor":"bob","action":"OPEN","objects":["/data/file1.txt","/share/mystuff/file2.txt"],"location":null,"message":"Printed /data/file1.txt"} ]
2018-05-10 20:50:43,673 DEBUG n.a.d.j.g.l.NatsLogger [Thread-2] Sending event to [vehicle] on gnatsd: [ {"timestamp":1525985443673,"system":"AUDIT","actor":"bob","action":"COPY","objects":["/data/file1.txt","/share/mystuff/file2.txt"],"location":null,"message":"Printed /data/file1.txt"} ]
2018-05-10 20:50:43,727 DEBUG n.a.d.j.g.l.NatsLogger [Thread-3] Sending event to [vehicle] on gnatsd: [ {"timestamp":1525985443727,"system":"AUDIT","actor":"bob","action":"COPY","objects":["/data/file1.txt","/share/mystuff/file2.txt"],"location":null,"message":"Printed /data/file1.txt"} ]
2018-05-10 20:50:44,809 DEBUG n.a.d.j.g.l.NatsLogger [Thread-1] Sending event to [vehicle] on gnatsd: [ {"timestamp":1525985444809,"system":"AUDIT","actor":"bob","action":"COPY","objects":["/data/file1.txt","/share/mystuff/file2.txt"],"location":null,"message":"Printed /data/file1.txt"} ]
2018-05-10 20:50:47,108 TRACE n.a.d.j.g.EventGenerator [Thread-3] Generator( test ) generated 0.0 events/sec
2018-05-10 20:50:47,109 DEBUG n.a.d.j.g.l.NatsLogger [Thread-3] Sending event to [vehicle] on gnatsd: [ {"timestamp":1525985447109,"system":"AD","actor":"bob","action":"LOGOUT","objects":["workstation1"],"location":null,"message":"Logged out of workstation 1"} ]
2018-05-10 20:50:47,142 TRACE n.a.d.j.g.EventGenerator [Thread-4] Generator( test ) generated 0.0 events/sec
2018-05-10 20:50:47,142 DEBUG n.a.d.j.g.l.NatsLogger [Thread-4] Sending event to [vehicle] on gnatsd: [ {"timestamp":1525985447142,"system":"AD","actor":"bob","action":"LOGOUT","objects":["workstation1"],"location":null,"message":"Logged out of workstation 1"} ]
2018-05-10 20:50:47,289 TRACE n.a.d.j.g.EventGenerator [Thread-2] Generator( test ) generated 0.0 events/sec
2018-05-10 20:50:47,290 DEBUG n.a.d.j.g.l.NatsLogger [Thread-2] Sending event to [vehicle] on gnatsd: [ {"timestamp":1525985447290,"system":"AD","actor":"bob","action":"LOGOUT","objects":["workstation1"],"location":null,"message":"Logged out of workstation 1"} ]
2018-05-10 20:50:47,290 TRACE n.a.d.j.g.EventGenerator [Thread-1] Generator( test ) generated 0.0 events/sec
2018-05-10 20:50:47,292 DEBUG n.a.d.j.g.l.NatsLogger [Thread-1] Sending event to [vehicle] on gnatsd: [ {"timestamp":1525985447292,"system":"AD","actor":"bob","action":"LOGOUT","objects":["workstation1"],"location":null,"message":"Logged out of workstation 1"} ]
2018-05-10 20:50:49,477 TRACE n.a.d.j.g.EventGenerator [Thread-1] Generator( test ) generated 0.0 events/sec
2018-05-10 20:50:49,479 DEBUG n.a.d.j.g.l.NatsLogger [Thread-1] Sending event to [vehicle] on gnatsd: [ {"timestamp":1525985449479,"system":"BADGE","actor":"bob","action":"EXIT","objects":["Building 1"],"location":"45.5,44.3","message":"Exited Building 1"} ]
2018-05-10 20:50:49,603 TRACE n.a.d.j.g.EventGenerator [Thread-4] Generator( test ) generated 0.0 events/sec
2018-05-10 20:50:49,604 DEBUG n.a.d.j.g.l.NatsLogger [Thread-4] Sending event to [vehicle] on gnatsd: [ {"timestamp":1525985449604,"system":"BADGE","actor":"bob","action":"EXIT","objects":["Building 1"],"location":"45.5,44.3","message":"Exited Building 1"} ]
2018-05-10 20:50:49,680 TRACE n.a.d.j.g.EventGenerator [Thread-2] Generator( test ) generated 0.0 events/sec
2018-05-10 20:50:49,683 DEBUG n.a.d.j.g.l.NatsLogger [Thread-2] Sending event to [vehicle] on gnatsd: [ {"timestamp":1525985449683,"system":"BADGE","actor":"bob","action":"EXIT","objects":["Building 1"],"location":"45.5,44.3","message":"Exited Building 1"} ]
2018-05-10 20:50:50,157 TRACE n.a.d.j.g.EventGenerator [Thread-3] Generator( test ) generated 0.0 events/sec
2018-05-10 20:50:50,158 DEBUG n.a.d.j.g.l.NatsLogger [Thread-3] Sending event to [vehicle] on gnatsd: [ {"timestamp":1525985450158,"system":"BADGE","actor":"bob","action":"EXIT","objects":["Building 1"],"location":"45.5,44.3","message":"Exited Building 1"} ]
2018-05-10 20:50:51,958 TRACE n.a.d.j.g.EventGenerator [Thread-1] Generator( test ) generated 0.0 events/sec
2018-05-10 20:50:52,260 TRACE n.a.d.j.g.EventGenerator [Thread-4] Generator( test ) generated 0.0 events/sec
2018-05-10 20:50:52,554 TRACE n.a.d.j.g.EventGenerator [Thread-2] Generator( test ) generated 0.0 events/sec
2018-05-10 20:50:52,572 TRACE n.a.d.j.g.EventGenerator [Thread-3] Generator( test ) generated 0.0 events/sec
2018-05-10 20:51:03,694 DEBUG n.a.d.j.g.l.NatsLogger [Thread-2] Sending event to [vehicle] on gnatsd: [ {"timestamp":1525985463694,"system":"BADGE","actor":"bob","action":"ENTER","objects":["Building 1"],"location":"45.5,44.3","message":"Entered Building 1"} ]
2018-05-10 20:51:03,826 DEBUG n.a.d.j.g.l.NatsLogger [Thread-1] Sending event to [vehicle] on gnatsd: [ {"timestamp":1525985463826,"system":"BADGE","actor":"bob","action":"ENTER","objects":["Building 1"],"location":"45.5,44.3","message":"Entered Building 1"} ]
2018-05-10 20:51:05,798 TRACE n.a.d.j.g.EventGenerator [Thread-2] Generator( test ) generated 0.0 events/sec
2018-05-10 20:51:05,799 DEBUG n.a.d.j.g.l.NatsLogger [Thread-2] Sending event to [vehicle] on gnatsd: [ {"timestamp":1525985465799,"system":"AD","actor":"bob","action":"LOGIN","objects":["workstation1"],"location":null,"message":"Logged in to workstation 1"} ]
2018-05-10 20:51:06,249 DEBUG n.a.d.j.g.l.NatsLogger [Thread-4] Sending event to [vehicle] on gnatsd: [ {"timestamp":1525985466249,"system":"BADGE","actor":"bob","action":"ENTER","objects":["Building 1"],"location":"45.5,44.3","message":"Entered Building 1"} ]
2018-05-10 20:51:07,062 DEBUG n.a.d.j.g.l.NatsLogger [Thread-3] Sending event to [vehicle] on gnatsd: [ {"timestamp":1525985467062,"system":"BADGE","actor":"bob","action":"ENTER","objects":["Building 1"],"location":"45.5,44.3","message":"Entered Building 1"} ]
2018-05-10 20:51:07,238 TRACE n.a.d.j.g.EventGenerator [Thread-1] Generator( test ) generated 0.0 events/sec
2018-05-10 20:51:07,239 DEBUG n.a.d.j.g.l.NatsLogger [Thread-1] Sending event to [vehicle] on gnatsd: [ {"timestamp":1525985467238,"system":"AD","actor":"bob","action":"LOGIN","objects":["workstation1"],"location":null,"message":"Logged in to workstation 1"} ]
2018-05-10 20:51:08,398 TRACE n.a.d.j.g.EventGenerator [Thread-2] Generator( test ) generated 0.0 events/sec
2018-05-10 20:51:08,400 DEBUG n.a.d.j.g.l.NatsLogger [Thread-2] Sending event to [vehicle] on gnatsd: [ {"timestamp":1525985468399,"system":"AUDIT","actor":"bob","action":"COPY","objects":["/data/file1.txt","/share/mystuff/file2.txt"],"location":null,"message":"Printed /data/file1.txt"} ]
2018-05-10 20:51:10,057 TRACE n.a.d.j.g.EventGenerator [Thread-4] Generator( test ) generated 0.0 events/sec
2018-05-10 20:51:10,058 DEBUG n.a.d.j.g.l.NatsLogger [Thread-4] Sending event to [vehicle] on gnatsd: [ {"timestamp":1525985470058,"system":"AD","actor":"bob","action":"LOGIN","objects":["workstation1"],"location":null,"message":"Logged in to workstation 1"} ]
2018-05-10 20:51:10,387 TRACE n.a.d.j.g.EventGenerator [Thread-3] Generator( test ) generated 0.0 events/sec
2018-05-10 20:51:10,388 DEBUG n.a.d.j.g.l.NatsLogger [Thread-3] Sending event to [vehicle] on gnatsd: [ {"timestamp":1525985470388,"system":"AD","actor":"bob","action":"LOGIN","objects":["workstation1"],"location":null,"message":"Logged in to workstation 1"} ]
2018-05-10 20:51:10,736 TRACE n.a.d.j.g.EventGenerator [Thread-1] Generator( test ) generated 0.0 events/sec
2018-05-10 20:51:10,737 DEBUG n.a.d.j.g.l.NatsLogger [Thread-1] Sending event to [vehicle] on gnatsd: [ {"timestamp":1525985470737,"system":"AUDIT","actor":"bob","action":"PRINT","objects":["/data/file1.txt","/share/mystuff/file2.txt"],"location":null,"message":"Printed /data/file1.txt"} ]
2018-05-10 20:51:11,134 DEBUG n.a.d.j.g.l.NatsLogger [Thread-2] Sending event to [vehicle] on gnatsd: [ {"timestamp":1525985471134,"system":"AUDIT","actor":"bob","action":"COPY","objects":["/data/file1.txt","/share/mystuff/file2.txt"],"location":null,"message":"Printed /data/file1.txt"} ]
2018-05-10 20:51:12,957 TRACE n.a.d.j.g.EventGenerator [Thread-4] Generator( test ) generated 0.0 events/sec
2018-05-10 20:51:12,958 DEBUG n.a.d.j.g.l.NatsLogger [Thread-4] Sending event to [vehicle] on gnatsd: [ {"timestamp":1525985472958,"system":"AUDIT","actor":"bob","action":"COPY","objects":["/data/file1.txt","/share/mystuff/file2.txt"],"location":null,"message":"Printed /data/file1.txt"} ]
2018-05-10 20:51:13,800 TRACE n.a.d.j.g.EventGenerator [Thread-3] Generator( test ) generated 0.0 events/sec
2018-05-10 20:51:13,801 DEBUG n.a.d.j.g.l.NatsLogger [Thread-3] Sending event to [vehicle] on gnatsd: [ {"timestamp":1525985473800,"system":"AUDIT","actor":"bob","action":"PRINT","objects":["/data/file1.txt","/share/mystuff/file2.txt"],"location":null,"message":"Printed /data/file1.txt"} ]
2018-05-10 20:51:14,606 DEBUG n.a.d.j.g.l.NatsLogger [Thread-1] Sending event to [vehicle] on gnatsd: [ {"timestamp":1525985474606,"system":"AUDIT","actor":"bob","action":"OPEN","objects":["/data/file1.txt","/share/mystuff/file2.txt"],"location":null,"message":"Printed /data/file1.txt"} ]
2018-05-10 20:51:14,945 DEBUG n.a.d.j.g.l.NatsLogger [Thread-2] Sending event to [vehicle] on gnatsd: [ {"timestamp":1525985474945,"system":"AUDIT","actor":"bob","action":"OPEN","objects":["/data/file1.txt","/share/mystuff/file2.txt"],"location":null,"message":"Printed /data/file1.txt"} ]
2018-05-10 20:51:16,446 DEBUG n.a.d.j.g.l.NatsLogger [Thread-3] Sending event to [vehicle] on gnatsd: [ {"timestamp":1525985476445,"system":"AUDIT","actor":"bob","action":"COPY","objects":["/data/file1.txt","/share/mystuff/file2.txt"],"location":null,"message":"Printed /data/file1.txt"} ]
2018-05-10 20:51:16,579 DEBUG n.a.d.j.g.l.NatsLogger [Thread-4] Sending event to [vehicle] on gnatsd: [ {"timestamp":1525985476578,"system":"AUDIT","actor":"bob","action":"OPEN","objects":["/data/file1.txt","/share/mystuff/file2.txt"],"location":null,"message":"Printed /data/file1.txt"} ]
2018-05-10 20:51:17,212 DEBUG n.a.d.j.g.l.NatsLogger [Thread-1] Sending event to [vehicle] on gnatsd: [ {"timestamp":1525985477212,"system":"AUDIT","actor":"bob","action":"PRINT","objects":["/data/file1.txt","/share/mystuff/file2.txt"],"location":null,"message":"Printed /data/file1.txt"} ]
2018-05-10 20:51:18,706 TRACE n.a.d.j.g.EventGenerator [Thread-2] Generator( test ) generated 0.0 events/sec
2018-05-10 20:51:18,707 DEBUG n.a.d.j.g.l.NatsLogger [Thread-2] Sending event to [vehicle] on gnatsd: [ {"timestamp":1525985478707,"system":"AD","actor":"bob","action":"LOGOUT","objects":["workstation1"],"location":null,"message":"Logged out of workstation 1"} ]
2018-05-10 20:51:19,701 DEBUG n.a.d.j.g.l.NatsLogger [Thread-3] Sending event to [vehicle] on gnatsd: [ {"timestamp":1525985479701,"system":"AUDIT","actor":"bob","action":"PRINT","objects":["/data/file1.txt","/share/mystuff/file2.txt"],"location":null,"message":"Printed /data/file1.txt"} ]
2018-05-10 20:51:20,266 DEBUG n.a.d.j.g.l.NatsLogger [Thread-4] Sending event to [vehicle] on gnatsd: [ {"timestamp":1525985480266,"system":"AUDIT","actor":"bob","action":"OPEN","objects":["/data/file1.txt","/share/mystuff/file2.txt"],"location":null,"message":"Printed /data/file1.txt"} ]
2018-05-10 20:51:20,825 TRACE n.a.d.j.g.EventGenerator [Thread-2] Generator( test ) generated 0.0 events/sec
2018-05-10 20:51:20,827 DEBUG n.a.d.j.g.l.NatsLogger [Thread-2] Sending event to [vehicle] on gnatsd: [ {"timestamp":1525985480826,"system":"BADGE","actor":"bob","action":"EXIT","objects":["Building 1"],"location":"45.5,44.3","message":"Exited Building 1"} ]
2018-05-10 20:51:20,832 TRACE n.a.d.j.g.EventGenerator [Thread-1] Generator( test ) generated 0.0 events/sec
2018-05-10 20:51:20,834 DEBUG n.a.d.j.g.l.NatsLogger [Thread-1] Sending event to [vehicle] on gnatsd: [ {"timestamp":1525985480833,"system":"AD","actor":"bob","action":"LOGOUT","objects":["workstation1"],"location":null,"message":"Logged out of workstation 1"} ]
2018-05-10 20:51:22,905 TRACE n.a.d.j.g.EventGenerator [Thread-2] Generator( test ) generated 0.0 events/sec
2018-05-10 20:51:23,498 TRACE n.a.d.j.g.EventGenerator [Thread-4] Generator( test ) generated 0.0 events/sec
2018-05-10 20:51:23,499 DEBUG n.a.d.j.g.l.NatsLogger [Thread-4] Sending event to [vehicle] on gnatsd: [ {"timestamp":1525985483499,"system":"AD","actor":"bob","action":"LOGOUT","objects":["workstation1"],"location":null,"message":"Logged out of workstation 1"} ]
2018-05-10 20:51:23,579 DEBUG n.a.d.j.g.l.NatsLogger [Thread-3] Sending event to [vehicle] on gnatsd: [ {"timestamp":1525985483578,"system":"AUDIT","actor":"bob","action":"OPEN","objects":["/data/file1.txt","/share/mystuff/file2.txt"],"location":null,"message":"Printed /data/file1.txt"} ]
2018-05-10 20:51:24,447 TRACE n.a.d.j.g.EventGenerator [Thread-1] Generator( test ) generated 0.0 events/sec
2018-05-10 20:51:24,448 DEBUG n.a.d.j.g.l.NatsLogger [Thread-1] Sending event to [vehicle] on gnatsd: [ {"timestamp":1525985484448,"system":"BADGE","actor":"bob","action":"EXIT","objects":["Building 1"],"location":"45.5,44.3","message":"Exited Building 1"} ]
2018-05-10 20:51:24,811 INFO n.a.d.j.g.JsonDataGenerator [Thread-5] Shutdown Hook Invoked.  Shutting Down Loggers
2018-05-10 20:51:24,812 INFO n.a.d.j.g.SimulationRunner [Thread-5] Stopping Simulation
2018-05-10 20:51:24,813 TRACE n.a.d.j.g.EventGenerator [Thread-3] Generator( test ) generated 0.0 events/sec
2018-05-10 20:51:24,813 TRACE n.a.d.j.g.EventGenerator [Thread-4] Generator( test ) generated 1.0 events/sec
2018-05-10 20:51:31,677 DEBUG n.a.d.j.g.JsonDataGenerator [main] Creating Simulation Runner using Simulation Config [ defaultSimConfig.json ]
2018-05-10 20:51:31,885 INFO n.a.d.j.g.JsonDataGenerator [main] Adding NATS Logger with properties: {type=nats, broker.server=127.0.0.1, broker.port=4222, topic=vehicle, flatten=false, sync=false}
2018-05-10 20:51:32,165 INFO n.a.d.j.g.JsonDataGenerator [main] Adding Log4JLogger Producer
2018-05-10 20:51:32,171 INFO n.a.d.j.g.SimulationRunner [main] Adding EventGenerator for [ test,normalUser1Workflow.json ]
2018-05-10 20:51:32,175 INFO n.a.d.j.g.SimulationRunner [main] Adding EventGenerator for [ test,normalUser1Workflow.json ]
2018-05-10 20:51:32,179 INFO n.a.d.j.g.SimulationRunner [main] Adding EventGenerator for [ test,normalUser1Workflow.json ]
2018-05-10 20:51:32,183 INFO n.a.d.j.g.SimulationRunner [main] Adding EventGenerator for [ test,normalUser1Workflow.json ]
2018-05-10 20:51:32,184 INFO n.a.d.j.g.SimulationRunner [main] Starting Simulation
2018-05-10 20:51:32,297 DEBUG n.a.d.j.g.t.TypeHandlerFactory [Thread-3] Discovered TypeHandler [ long,net.acesinc.data.json.generator.types.LongType ]
2018-05-10 20:51:32,297 DEBUG n.a.d.j.g.t.TypeHandlerFactory [Thread-2] Discovered TypeHandler [ long,net.acesinc.data.json.generator.types.LongType ]
2018-05-10 20:51:32,297 DEBUG n.a.d.j.g.t.TypeHandlerFactory [Thread-4] Discovered TypeHandler [ long,net.acesinc.data.json.generator.types.LongType ]
2018-05-10 20:51:32,297 DEBUG n.a.d.j.g.t.TypeHandlerFactory [Thread-1] Discovered TypeHandler [ long,net.acesinc.data.json.generator.types.LongType ]
2018-05-10 20:51:32,298 DEBUG n.a.d.j.g.t.TypeHandlerFactory [Thread-4] Discovered TypeHandler [ randomIncrementLong,net.acesinc.data.json.generator.types.RandomIncrementLongType ]
2018-05-10 20:51:32,298 DEBUG n.a.d.j.g.t.TypeHandlerFactory [Thread-4] Discovered TypeHandler [ boolean,net.acesinc.data.json.generator.types.BooleanType ]
2018-05-10 20:51:32,298 DEBUG n.a.d.j.g.t.TypeHandlerFactory [Thread-2] Discovered TypeHandler [ randomIncrementLong,net.acesinc.data.json.generator.types.RandomIncrementLongType ]
2018-05-10 20:51:32,299 DEBUG n.a.d.j.g.t.TypeHandlerFactory [Thread-2] Discovered TypeHandler [ boolean,net.acesinc.data.json.generator.types.BooleanType ]
2018-05-10 20:51:32,299 DEBUG n.a.d.j.g.t.TypeHandlerFactory [Thread-2] Discovered TypeHandler [ uuid,net.acesinc.data.json.generator.types.UuidType ]
2018-05-10 20:51:32,299 DEBUG n.a.d.j.g.t.TypeHandlerFactory [Thread-4] Discovered TypeHandler [ uuid,net.acesinc.data.json.generator.types.UuidType ]
2018-05-10 20:51:32,299 DEBUG n.a.d.j.g.t.TypeHandlerFactory [Thread-2] Discovered TypeHandler [ now,net.acesinc.data.json.generator.types.NowType ]
2018-05-10 20:51:32,299 DEBUG n.a.d.j.g.t.TypeHandlerFactory [Thread-4] Discovered TypeHandler [ now,net.acesinc.data.json.generator.types.NowType ]
2018-05-10 20:51:32,300 DEBUG n.a.d.j.g.t.TypeHandlerFactory [Thread-2] Discovered TypeHandler [ stringMerge,net.acesinc.data.json.generator.types.StringMergeType ]
2018-05-10 20:51:32,300 DEBUG n.a.d.j.g.t.TypeHandlerFactory [Thread-2] Discovered TypeHandler [ integer,net.acesinc.data.json.generator.types.IntegerType ]
2018-05-10 20:51:32,300 DEBUG n.a.d.j.g.t.TypeHandlerFactory [Thread-2] Discovered TypeHandler [ nowTimestamp,net.acesinc.data.json.generator.types.NowTimestampType ]
2018-05-10 20:51:32,300 DEBUG n.a.d.j.g.t.TypeHandlerFactory [Thread-2] Discovered TypeHandler [ alpha,net.acesinc.data.json.generator.types.AlphaType ]
2018-05-10 20:51:32,301 DEBUG n.a.d.j.g.t.TypeHandlerFactory [Thread-2] Discovered TypeHandler [ double,net.acesinc.data.json.generator.types.DoubleType ]
2018-05-10 20:51:32,301 DEBUG n.a.d.j.g.t.TypeHandlerFactory [Thread-2] Discovered TypeHandler [ lastName,net.acesinc.data.json.generator.types.LastName ]
2018-05-10 20:51:32,301 DEBUG n.a.d.j.g.t.TypeHandlerFactory [Thread-3] Discovered TypeHandler [ randomIncrementLong,net.acesinc.data.json.generator.types.RandomIncrementLongType ]
2018-05-10 20:51:32,301 DEBUG n.a.d.j.g.t.TypeHandlerFactory [Thread-3] Discovered TypeHandler [ boolean,net.acesinc.data.json.generator.types.BooleanType ]
2018-05-10 20:51:32,301 DEBUG n.a.d.j.g.t.TypeHandlerFactory [Thread-3] Discovered TypeHandler [ uuid,net.acesinc.data.json.generator.types.UuidType ]
2018-05-10 20:51:32,302 DEBUG n.a.d.j.g.t.TypeHandlerFactory [Thread-3] Discovered TypeHandler [ now,net.acesinc.data.json.generator.types.NowType ]
2018-05-10 20:51:32,302 DEBUG n.a.d.j.g.t.TypeHandlerFactory [Thread-3] Discovered TypeHandler [ stringMerge,net.acesinc.data.json.generator.types.StringMergeType ]
2018-05-10 20:51:32,302 DEBUG n.a.d.j.g.t.TypeHandlerFactory [Thread-3] Discovered TypeHandler [ integer,net.acesinc.data.json.generator.types.IntegerType ]
2018-05-10 20:51:32,302 DEBUG n.a.d.j.g.t.TypeHandlerFactory [Thread-3] Discovered TypeHandler [ nowTimestamp,net.acesinc.data.json.generator.types.NowTimestampType ]
2018-05-10 20:51:32,302 DEBUG n.a.d.j.g.t.TypeHandlerFactory [Thread-3] Discovered TypeHandler [ alpha,net.acesinc.data.json.generator.types.AlphaType ]
2018-05-10 20:51:32,302 DEBUG n.a.d.j.g.t.TypeHandlerFactory [Thread-3] Discovered TypeHandler [ double,net.acesinc.data.json.generator.types.DoubleType ]
2018-05-10 20:51:32,303 DEBUG n.a.d.j.g.t.TypeHandlerFactory [Thread-3] Discovered TypeHandler [ lastName,net.acesinc.data.json.generator.types.LastName ]
2018-05-10 20:51:32,303 DEBUG n.a.d.j.g.t.TypeHandlerFactory [Thread-2] Discovered TypeHandler [ counter,net.acesinc.data.json.generator.types.CounterType ]
2018-05-10 20:51:32,303 DEBUG n.a.d.j.g.t.TypeHandlerFactory [Thread-3] Discovered TypeHandler [ counter,net.acesinc.data.json.generator.types.CounterType ]
2018-05-10 20:51:32,303 DEBUG n.a.d.j.g.t.TypeHandlerFactory [Thread-2] Discovered TypeHandler [ firstName,net.acesinc.data.json.generator.types.FirstName ]
2018-05-10 20:51:32,303 DEBUG n.a.d.j.g.t.TypeHandlerFactory [Thread-2] Discovered TypeHandler [ alphaNumeric,net.acesinc.data.json.generator.types.AlphaNumericType ]
2018-05-10 20:51:32,298 DEBUG n.a.d.j.g.t.TypeHandlerFactory [Thread-1] Discovered TypeHandler [ randomIncrementLong,net.acesinc.data.json.generator.types.RandomIncrementLongType ]
2018-05-10 20:51:32,304 DEBUG n.a.d.j.g.t.TypeHandlerFactory [Thread-1] Discovered TypeHandler [ boolean,net.acesinc.data.json.generator.types.BooleanType ]
2018-05-10 20:51:32,305 DEBUG n.a.d.j.g.t.TypeHandlerFactory [Thread-3] Discovered TypeHandler [ firstName,net.acesinc.data.json.generator.types.FirstName ]
2018-05-10 20:51:32,305 DEBUG n.a.d.j.g.t.TypeHandlerFactory [Thread-3] Discovered TypeHandler [ alphaNumeric,net.acesinc.data.json.generator.types.AlphaNumericType ]
2018-05-10 20:51:32,300 DEBUG n.a.d.j.g.t.TypeHandlerFactory [Thread-4] Discovered TypeHandler [ stringMerge,net.acesinc.data.json.generator.types.StringMergeType ]
2018-05-10 20:51:32,305 DEBUG n.a.d.j.g.t.TypeHandlerFactory [Thread-4] Discovered TypeHandler [ integer,net.acesinc.data.json.generator.types.IntegerType ]
2018-05-10 20:51:32,305 DEBUG n.a.d.j.g.t.TypeHandlerFactory [Thread-1] Discovered TypeHandler [ uuid,net.acesinc.data.json.generator.types.UuidType ]
2018-05-10 20:51:32,305 DEBUG n.a.d.j.g.t.TypeHandlerFactory [Thread-1] Discovered TypeHandler [ now,net.acesinc.data.json.generator.types.NowType ]
2018-05-10 20:51:32,306 DEBUG n.a.d.j.g.t.TypeHandlerFactory [Thread-1] Discovered TypeHandler [ stringMerge,net.acesinc.data.json.generator.types.StringMergeType ]
2018-05-10 20:51:32,306 DEBUG n.a.d.j.g.t.TypeHandlerFactory [Thread-1] Discovered TypeHandler [ integer,net.acesinc.data.json.generator.types.IntegerType ]
2018-05-10 20:51:32,306 DEBUG n.a.d.j.g.t.TypeHandlerFactory [Thread-1] Discovered TypeHandler [ nowTimestamp,net.acesinc.data.json.generator.types.NowTimestampType ]
2018-05-10 20:51:32,306 DEBUG n.a.d.j.g.t.TypeHandlerFactory [Thread-1] Discovered TypeHandler [ alpha,net.acesinc.data.json.generator.types.AlphaType ]
2018-05-10 20:51:32,306 DEBUG n.a.d.j.g.t.TypeHandlerFactory [Thread-1] Discovered TypeHandler [ double,net.acesinc.data.json.generator.types.DoubleType ]
2018-05-10 20:51:32,306 DEBUG n.a.d.j.g.t.TypeHandlerFactory [Thread-1] Discovered TypeHandler [ lastName,net.acesinc.data.json.generator.types.LastName ]
2018-05-10 20:51:32,307 DEBUG n.a.d.j.g.t.TypeHandlerFactory [Thread-4] Discovered TypeHandler [ nowTimestamp,net.acesinc.data.json.generator.types.NowTimestampType ]
2018-05-10 20:51:32,307 DEBUG n.a.d.j.g.t.TypeHandlerFactory [Thread-4] Discovered TypeHandler [ alpha,net.acesinc.data.json.generator.types.AlphaType ]
2018-05-10 20:51:32,307 DEBUG n.a.d.j.g.t.TypeHandlerFactory [Thread-4] Discovered TypeHandler [ double,net.acesinc.data.json.generator.types.DoubleType ]
2018-05-10 20:51:32,307 DEBUG n.a.d.j.g.t.TypeHandlerFactory [Thread-4] Discovered TypeHandler [ lastName,net.acesinc.data.json.generator.types.LastName ]
2018-05-10 20:51:32,307 DEBUG n.a.d.j.g.t.TypeHandlerFactory [Thread-4] Discovered TypeHandler [ counter,net.acesinc.data.json.generator.types.CounterType ]
2018-05-10 20:51:32,307 DEBUG n.a.d.j.g.t.TypeHandlerFactory [Thread-4] Discovered TypeHandler [ firstName,net.acesinc.data.json.generator.types.FirstName ]
2018-05-10 20:51:32,307 DEBUG n.a.d.j.g.t.TypeHandlerFactory [Thread-4] Discovered TypeHandler [ alphaNumeric,net.acesinc.data.json.generator.types.AlphaNumericType ]
2018-05-10 20:51:32,308 DEBUG n.a.d.j.g.t.TypeHandlerFactory [Thread-4] Discovered TypeHandler [ timestamp,net.acesinc.data.json.generator.types.TimestampType ]
2018-05-10 20:51:32,304 DEBUG n.a.d.j.g.t.TypeHandlerFactory [Thread-2] Discovered TypeHandler [ timestamp,net.acesinc.data.json.generator.types.TimestampType ]
2018-05-10 20:51:32,307 DEBUG n.a.d.j.g.t.TypeHandlerFactory [Thread-1] Discovered TypeHandler [ counter,net.acesinc.data.json.generator.types.CounterType ]
2018-05-10 20:51:32,308 DEBUG n.a.d.j.g.t.TypeHandlerFactory [Thread-1] Discovered TypeHandler [ firstName,net.acesinc.data.json.generator.types.FirstName ]
2018-05-10 20:51:32,308 DEBUG n.a.d.j.g.t.TypeHandlerFactory [Thread-2] Discovered TypeHandler [ date,net.acesinc.data.json.generator.types.DateType ]
2018-05-10 20:51:32,308 DEBUG n.a.d.j.g.t.TypeHandlerFactory [Thread-1] Discovered TypeHandler [ alphaNumeric,net.acesinc.data.json.generator.types.AlphaNumericType ]
2018-05-10 20:51:32,308 DEBUG n.a.d.j.g.t.TypeHandlerFactory [Thread-1] Discovered TypeHandler [ timestamp,net.acesinc.data.json.generator.types.TimestampType ]
2018-05-10 20:51:32,308 DEBUG n.a.d.j.g.t.TypeHandlerFactory [Thread-2] Discovered TypeHandler [ random,net.acesinc.data.json.generator.types.RandomType ]
2018-05-10 20:51:32,305 DEBUG n.a.d.j.g.t.TypeHandlerFactory [Thread-3] Discovered TypeHandler [ timestamp,net.acesinc.data.json.generator.types.TimestampType ]
2018-05-10 20:51:32,309 DEBUG n.a.d.j.g.t.TypeHandlerFactory [Thread-3] Discovered TypeHandler [ date,net.acesinc.data.json.generator.types.DateType ]
2018-05-10 20:51:32,309 DEBUG n.a.d.j.g.t.TypeHandlerFactory [Thread-3] Discovered TypeHandler [ random,net.acesinc.data.json.generator.types.RandomType ]
2018-05-10 20:51:32,309 DEBUG n.a.d.j.g.l.NatsLogger [Thread-2] Sending event to [vehicle] on gnatsd: [ {"timestamp":1525985492309,"system":"BADGE","actor":"bob","action":"ENTER","objects":["Building 1"],"location":"45.5,44.3","message":"Entered Building 1"} ]
2018-05-10 20:51:32,309 DEBUG n.a.d.j.g.l.NatsLogger [Thread-3] Sending event to [vehicle] on gnatsd: [ {"timestamp":1525985492309,"system":"BADGE","actor":"bob","action":"ENTER","objects":["Building 1"],"location":"45.5,44.3","message":"Entered Building 1"} ]
2018-05-10 20:51:32,309 DEBUG n.a.d.j.g.t.TypeHandlerFactory [Thread-1] Discovered TypeHandler [ date,net.acesinc.data.json.generator.types.DateType ]
2018-05-10 20:51:32,310 DEBUG n.a.d.j.g.t.TypeHandlerFactory [Thread-1] Discovered TypeHandler [ random,net.acesinc.data.json.generator.types.RandomType ]
2018-05-10 20:51:32,310 DEBUG n.a.d.j.g.l.NatsLogger [Thread-1] Sending event to [vehicle] on gnatsd: [ {"timestamp":1525985492310,"system":"BADGE","actor":"bob","action":"ENTER","objects":["Building 1"],"location":"45.5,44.3","message":"Entered Building 1"} ]
2018-05-10 20:51:32,308 DEBUG n.a.d.j.g.t.TypeHandlerFactory [Thread-4] Discovered TypeHandler [ date,net.acesinc.data.json.generator.types.DateType ]
2018-05-10 20:51:32,311 DEBUG n.a.d.j.g.t.TypeHandlerFactory [Thread-4] Discovered TypeHandler [ random,net.acesinc.data.json.generator.types.RandomType ]
2018-05-10 20:51:32,311 DEBUG n.a.d.j.g.l.NatsLogger [Thread-4] Sending event to [vehicle] on gnatsd: [ {"timestamp":1525985492311,"system":"BADGE","actor":"bob","action":"ENTER","objects":["Building 1"],"location":"45.5,44.3","message":"Entered Building 1"} ]
2018-05-10 20:51:32,924 INFO n.a.d.j.g.JsonDataGenerator [Thread-5] Shutdown Hook Invoked.  Shutting Down Loggers
2018-05-10 20:51:32,924 INFO n.a.d.j.g.SimulationRunner [Thread-5] Stopping Simulation
2018-05-10 20:53:01,945 INFO n.a.d.j.g.JsonDataGenerator [main] Overriding Simulation Config file from command line to use [ exampleSimConfig.json ]
2018-05-10 20:53:01,948 DEBUG n.a.d.j.g.JsonDataGenerator [main] Creating Simulation Runner using Simulation Config [ exampleSimConfig.json ]
2018-05-10 20:53:02,157 INFO n.a.d.j.g.JsonDataGenerator [main] Adding Log4JLogger Producer
2018-05-10 20:53:02,160 INFO n.a.d.j.g.JsonDataGenerator [main] Adding MQTT Logger with properties: {type=mqtt, broker.server=tcp://localhost, broker.port=1883, topic=test, clientId=LogEvent, qos=2}
2018-05-10 20:53:02,260 DEBUG n.a.d.j.g.l.MqttLogger [main] Connecting to broker: tcp://localhost:1883
2018-05-10 20:53:02,285 DEBUG n.a.d.j.g.l.MqttLogger [main] Connected
2018-05-10 20:53:02,292 INFO n.a.d.j.g.SimulationRunner [main] Adding EventGenerator for [ test,exampleWorkflow.json ]
2018-05-10 20:53:02,293 INFO n.a.d.j.g.SimulationRunner [main] Starting Simulation
2018-05-10 20:53:02,412 DEBUG n.a.d.j.g.t.TypeHandlerFactory [Thread-2] Discovered TypeHandler [ date,net.acesinc.data.json.generator.types.DateType ]
2018-05-10 20:53:02,413 DEBUG n.a.d.j.g.t.TypeHandlerFactory [Thread-2] Discovered TypeHandler [ boolean,net.acesinc.data.json.generator.types.BooleanType ]
2018-05-10 20:53:02,413 DEBUG n.a.d.j.g.t.TypeHandlerFactory [Thread-2] Discovered TypeHandler [ stringMerge,net.acesinc.data.json.generator.types.StringMergeType ]
2018-05-10 20:53:02,413 DEBUG n.a.d.j.g.t.TypeHandlerFactory [Thread-2] Discovered TypeHandler [ firstName,net.acesinc.data.json.generator.types.FirstName ]
2018-05-10 20:53:02,414 DEBUG n.a.d.j.g.t.TypeHandlerFactory [Thread-2] Discovered TypeHandler [ lastName,net.acesinc.data.json.generator.types.LastName ]
2018-05-10 20:53:02,414 DEBUG n.a.d.j.g.t.TypeHandlerFactory [Thread-2] Discovered TypeHandler [ double,net.acesinc.data.json.generator.types.DoubleType ]
2018-05-10 20:53:02,414 DEBUG n.a.d.j.g.t.TypeHandlerFactory [Thread-2] Discovered TypeHandler [ alpha,net.acesinc.data.json.generator.types.AlphaType ]
2018-05-10 20:53:02,414 DEBUG n.a.d.j.g.t.TypeHandlerFactory [Thread-2] Discovered TypeHandler [ uuid,net.acesinc.data.json.generator.types.UuidType ]
2018-05-10 20:53:02,415 DEBUG n.a.d.j.g.t.TypeHandlerFactory [Thread-2] Discovered TypeHandler [ now,net.acesinc.data.json.generator.types.NowType ]
2018-05-10 20:53:02,415 DEBUG n.a.d.j.g.t.TypeHandlerFactory [Thread-2] Discovered TypeHandler [ randomIncrementLong,net.acesinc.data.json.generator.types.RandomIncrementLongType ]
2018-05-10 20:53:02,415 DEBUG n.a.d.j.g.t.TypeHandlerFactory [Thread-2] Discovered TypeHandler [ timestamp,net.acesinc.data.json.generator.types.TimestampType ]
2018-05-10 20:53:02,415 DEBUG n.a.d.j.g.t.TypeHandlerFactory [Thread-2] Discovered TypeHandler [ long,net.acesinc.data.json.generator.types.LongType ]
2018-05-10 20:53:02,416 DEBUG n.a.d.j.g.t.TypeHandlerFactory [Thread-2] Discovered TypeHandler [ nowTimestamp,net.acesinc.data.json.generator.types.NowTimestampType ]
2018-05-10 20:53:02,416 DEBUG n.a.d.j.g.t.TypeHandlerFactory [Thread-2] Discovered TypeHandler [ random,net.acesinc.data.json.generator.types.RandomType ]
2018-05-10 20:53:02,416 DEBUG n.a.d.j.g.t.TypeHandlerFactory [Thread-2] Discovered TypeHandler [ alphaNumeric,net.acesinc.data.json.generator.types.AlphaNumericType ]
2018-05-10 20:53:02,416 DEBUG n.a.d.j.g.t.TypeHandlerFactory [Thread-2] Discovered TypeHandler [ counter,net.acesinc.data.json.generator.types.CounterType ]
2018-05-10 20:53:02,417 DEBUG n.a.d.j.g.t.TypeHandlerFactory [Thread-2] Discovered TypeHandler [ integer,net.acesinc.data.json.generator.types.IntegerType ]
2018-05-10 20:53:02,458 DEBUG n.a.d.j.g.l.MqttLogger [Thread-2] Message published
2018-05-10 20:53:05,190 TRACE n.a.d.j.g.EventGenerator [Thread-2] Generator( test ) generated 0.0 events/sec
2018-05-10 20:53:05,214 DEBUG n.a.d.j.g.l.MqttLogger [Thread-2] Message published
2018-05-10 20:53:08,885 TRACE n.a.d.j.g.EventGenerator [Thread-2] Generator( test ) generated 0.0 events/sec
2018-05-10 20:53:08,921 DEBUG n.a.d.j.g.l.MqttLogger [Thread-2] Message published
2018-05-10 20:53:11,223 DEBUG n.a.d.j.g.l.MqttLogger [Thread-2] Message published
2018-05-10 20:53:15,000 DEBUG n.a.d.j.g.l.MqttLogger [Thread-2] Message published
2018-05-10 20:53:17,628 DEBUG n.a.d.j.g.l.MqttLogger [Thread-2] Message published
2018-05-10 20:53:20,663 TRACE n.a.d.j.g.EventGenerator [Thread-2] Generator( test ) generated 0.0 events/sec
2018-05-10 20:53:20,701 DEBUG n.a.d.j.g.l.MqttLogger [Thread-2] Message published
2018-05-10 20:53:24,258 TRACE n.a.d.j.g.EventGenerator [Thread-2] Generator( test ) generated 0.0 events/sec
2018-05-10 20:53:24,276 DEBUG n.a.d.j.g.l.MqttLogger [Thread-2] Message published
2018-05-10 20:53:27,689 TRACE n.a.d.j.g.EventGenerator [Thread-2] Generator( test ) generated 0.0 events/sec
2018-05-10 20:53:41,365 DEBUG n.a.d.j.g.l.MqttLogger [Thread-2] Message published
2018-05-10 20:53:44,653 TRACE n.a.d.j.g.EventGenerator [Thread-2] Generator( test ) generated 0.0 events/sec
2018-05-10 20:53:44,688 DEBUG n.a.d.j.g.l.MqttLogger [Thread-2] Message published
2018-05-10 20:53:47,622 TRACE n.a.d.j.g.EventGenerator [Thread-2] Generator( test ) generated 0.0 events/sec
2018-05-10 20:53:47,656 DEBUG n.a.d.j.g.l.MqttLogger [Thread-2] Message published
2018-05-10 20:53:50,046 DEBUG n.a.d.j.g.l.MqttLogger [Thread-2] Message published
2018-05-10 20:53:53,746 DEBUG n.a.d.j.g.l.MqttLogger [Thread-2] Message published
2018-05-10 20:53:56,883 DEBUG n.a.d.j.g.l.MqttLogger [Thread-2] Message published
2018-05-10 20:53:59,869 TRACE n.a.d.j.g.EventGenerator [Thread-2] Generator( test ) generated 0.0 events/sec
2018-05-10 20:53:59,902 DEBUG n.a.d.j.g.l.MqttLogger [Thread-2] Message published
2018-05-10 20:54:02,406 TRACE n.a.d.j.g.EventGenerator [Thread-2] Generator( test ) generated 0.0 events/sec
2018-05-10 20:54:02,479 DEBUG n.a.d.j.g.l.MqttLogger [Thread-2] Message published
2018-05-10 20:54:06,107 TRACE n.a.d.j.g.EventGenerator [Thread-2] Generator( test ) generated 0.0 events/sec
2018-05-10 20:54:19,321 DEBUG n.a.d.j.g.l.MqttLogger [Thread-2] Message published
2018-05-10 20:54:23,314 TRACE n.a.d.j.g.EventGenerator [Thread-2] Generator( test ) generated 0.0 events/sec
2018-05-10 20:54:23,379 DEBUG n.a.d.j.g.l.MqttLogger [Thread-2] Message published
2018-05-10 20:54:26,889 TRACE n.a.d.j.g.EventGenerator [Thread-2] Generator( test ) generated 0.0 events/sec
2018-05-10 20:54:26,918 DEBUG n.a.d.j.g.l.MqttLogger [Thread-2] Message published
2018-05-10 20:54:29,183 DEBUG n.a.d.j.g.l.MqttLogger [Thread-2] Message published
2018-05-10 20:54:32,622 DEBUG n.a.d.j.g.l.MqttLogger [Thread-2] Message published
2018-05-10 20:54:35,740 DEBUG n.a.d.j.g.l.MqttLogger [Thread-2] Message published
2018-05-10 20:54:37,987 TRACE n.a.d.j.g.EventGenerator [Thread-2] Generator( test ) generated 0.0 events/sec
2018-05-10 20:54:38,007 DEBUG n.a.d.j.g.l.MqttLogger [Thread-2] Message published
2018-05-10 20:54:39,402 INFO n.a.d.j.g.JsonDataGenerator [Thread-3] Shutdown Hook Invoked.  Shutting Down Loggers
2018-05-10 20:54:39,402 INFO n.a.d.j.g.SimulationRunner [Thread-3] Stopping Simulation
2018-05-10 20:54:39,403 TRACE n.a.d.j.g.EventGenerator [Thread-2] Generator( test ) generated 1.0 events/sec
2018-05-10 20:55:19,787 INFO n.a.d.j.g.JsonDataGenerator [main] Overriding Simulation Config file from command line to use [ exampleSimConfig.json ]
2018-05-10 20:55:19,789 DEBUG n.a.d.j.g.JsonDataGenerator [main] Creating Simulation Runner using Simulation Config [ exampleSimConfig.json ]
2018-05-10 20:55:19,972 INFO n.a.d.j.g.JsonDataGenerator [main] Adding Log4JLogger Producer
2018-05-10 20:55:19,975 INFO n.a.d.j.g.JsonDataGenerator [main] Adding MQTT Logger with properties: {type=mqtt, broker.server=tcp://localhost, broker.port=1883, topic=test, clientId=LogEvent, qos=2}
2018-05-10 20:55:20,059 DEBUG n.a.d.j.g.l.MqttLogger [main] Connecting to broker: tcp://localhost:1883
2018-05-10 20:55:20,080 DEBUG n.a.d.j.g.l.MqttLogger [main] Connected
2018-05-10 20:55:20,086 INFO n.a.d.j.g.SimulationRunner [main] Adding EventGenerator for [ test,exampleWorkflow.json ]
2018-05-10 20:55:20,087 INFO n.a.d.j.g.SimulationRunner [main] Starting Simulation
2018-05-10 20:55:20,240 DEBUG n.a.d.j.g.t.TypeHandlerFactory [Thread-2] Discovered TypeHandler [ date,net.acesinc.data.json.generator.types.DateType ]
2018-05-10 20:55:20,240 DEBUG n.a.d.j.g.t.TypeHandlerFactory [Thread-2] Discovered TypeHandler [ boolean,net.acesinc.data.json.generator.types.BooleanType ]
2018-05-10 20:55:20,241 DEBUG n.a.d.j.g.t.TypeHandlerFactory [Thread-2] Discovered TypeHandler [ stringMerge,net.acesinc.data.json.generator.types.StringMergeType ]
2018-05-10 20:55:20,241 DEBUG n.a.d.j.g.t.TypeHandlerFactory [Thread-2] Discovered TypeHandler [ firstName,net.acesinc.data.json.generator.types.FirstName ]
2018-05-10 20:55:20,241 DEBUG n.a.d.j.g.t.TypeHandlerFactory [Thread-2] Discovered TypeHandler [ lastName,net.acesinc.data.json.generator.types.LastName ]
2018-05-10 20:55:20,242 DEBUG n.a.d.j.g.t.TypeHandlerFactory [Thread-2] Discovered TypeHandler [ double,net.acesinc.data.json.generator.types.DoubleType ]
2018-05-10 20:55:20,242 DEBUG n.a.d.j.g.t.TypeHandlerFactory [Thread-2] Discovered TypeHandler [ alpha,net.acesinc.data.json.generator.types.AlphaType ]
2018-05-10 20:55:20,242 DEBUG n.a.d.j.g.t.TypeHandlerFactory [Thread-2] Discovered TypeHandler [ uuid,net.acesinc.data.json.generator.types.UuidType ]
2018-05-10 20:55:20,242 DEBUG n.a.d.j.g.t.TypeHandlerFactory [Thread-2] Discovered TypeHandler [ now,net.acesinc.data.json.generator.types.NowType ]
2018-05-10 20:55:20,242 DEBUG n.a.d.j.g.t.TypeHandlerFactory [Thread-2] Discovered TypeHandler [ randomIncrementLong,net.acesinc.data.json.generator.types.RandomIncrementLongType ]
2018-05-10 20:55:20,243 DEBUG n.a.d.j.g.t.TypeHandlerFactory [Thread-2] Discovered TypeHandler [ timestamp,net.acesinc.data.json.generator.types.TimestampType ]
2018-05-10 20:55:20,243 DEBUG n.a.d.j.g.t.TypeHandlerFactory [Thread-2] Discovered TypeHandler [ long,net.acesinc.data.json.generator.types.LongType ]
2018-05-10 20:55:20,243 DEBUG n.a.d.j.g.t.TypeHandlerFactory [Thread-2] Discovered TypeHandler [ nowTimestamp,net.acesinc.data.json.generator.types.NowTimestampType ]
2018-05-10 20:55:20,243 DEBUG n.a.d.j.g.t.TypeHandlerFactory [Thread-2] Discovered TypeHandler [ random,net.acesinc.data.json.generator.types.RandomType ]
2018-05-10 20:55:20,244 DEBUG n.a.d.j.g.t.TypeHandlerFactory [Thread-2] Discovered TypeHandler [ alphaNumeric,net.acesinc.data.json.generator.types.AlphaNumericType ]
2018-05-10 20:55:20,244 DEBUG n.a.d.j.g.t.TypeHandlerFactory [Thread-2] Discovered TypeHandler [ counter,net.acesinc.data.json.generator.types.CounterType ]
2018-05-10 20:55:20,244 DEBUG n.a.d.j.g.t.TypeHandlerFactory [Thread-2] Discovered TypeHandler [ integer,net.acesinc.data.json.generator.types.IntegerType ]
2018-05-10 20:55:20,282 DEBUG n.a.d.j.g.l.MqttLogger [Thread-2] Message published
2018-05-10 20:55:20,389 DEBUG n.a.d.j.g.l.MqttLogger [Thread-2] Message published
2018-05-10 20:55:20,475 DEBUG n.a.d.j.g.l.MqttLogger [Thread-2] Message published
2018-05-10 20:55:20,579 DEBUG n.a.d.j.g.l.MqttLogger [Thread-2] Message published
2018-05-10 20:55:20,665 DEBUG n.a.d.j.g.l.MqttLogger [Thread-2] Message published
2018-05-10 20:55:20,745 DEBUG n.a.d.j.g.l.MqttLogger [Thread-2] Message published
2018-05-10 20:55:20,857 DEBUG n.a.d.j.g.l.MqttLogger [Thread-2] Message published
2018-05-10 20:55:20,934 DEBUG n.a.d.j.g.l.MqttLogger [Thread-2] Message published
2018-05-10 20:55:21,046 DEBUG n.a.d.j.g.l.MqttLogger [Thread-2] Message published
2018-05-10 20:55:21,121 DEBUG n.a.d.j.g.l.MqttLogger [Thread-2] Message published
2018-05-10 20:55:21,230 DEBUG n.a.d.j.g.l.MqttLogger [Thread-2] Message published
2018-05-10 20:55:21,332 DEBUG n.a.d.j.g.l.MqttLogger [Thread-2] Message published
2018-05-10 20:55:21,424 DEBUG n.a.d.j.g.l.MqttLogger [Thread-2] Message published
2018-05-10 20:55:21,580 DEBUG n.a.d.j.g.l.MqttLogger [Thread-2] Message published
2018-05-10 20:55:21,652 DEBUG n.a.d.j.g.l.MqttLogger [Thread-2] Message published
2018-05-10 20:55:21,746 DEBUG n.a.d.j.g.l.MqttLogger [Thread-2] Message published
2018-05-10 20:55:21,837 DEBUG n.a.d.j.g.l.MqttLogger [Thread-2] Message published
2018-05-10 20:55:21,945 DEBUG n.a.d.j.g.l.MqttLogger [Thread-2] Message published
2018-05-10 20:55:22,033 DEBUG n.a.d.j.g.l.MqttLogger [Thread-2] Message published
2018-05-10 20:55:22,144 DEBUG n.a.d.j.g.l.MqttLogger [Thread-2] Message published
2018-05-10 20:55:22,217 DEBUG n.a.d.j.g.l.MqttLogger [Thread-2] Message published
2018-05-10 20:55:22,298 DEBUG n.a.d.j.g.l.MqttLogger [Thread-2] Message published
2018-05-10 20:55:22,404 DEBUG n.a.d.j.g.l.MqttLogger [Thread-2] Message published
2018-05-10 20:55:22,476 DEBUG n.a.d.j.g.l.MqttLogger [Thread-2] Message published
2018-05-10 20:55:22,566 DEBUG n.a.d.j.g.l.MqttLogger [Thread-2] Message published
2018-05-10 20:55:22,675 DEBUG n.a.d.j.g.l.MqttLogger [Thread-2] Message published
2018-05-10 20:55:22,762 DEBUG n.a.d.j.g.l.MqttLogger [Thread-2] Message published
2018-05-10 20:55:22,866 DEBUG n.a.d.j.g.l.MqttLogger [Thread-2] Message published
2018-05-10 20:55:22,976 DEBUG n.a.d.j.g.l.MqttLogger [Thread-2] Message published
2018-05-10 20:55:23,080 DEBUG n.a.d.j.g.l.MqttLogger [Thread-2] Message published
2018-05-10 20:55:23,207 DEBUG n.a.d.j.g.l.MqttLogger [Thread-2] Message published
2018-05-10 20:55:23,307 DEBUG n.a.d.j.g.l.MqttLogger [Thread-2] Message published
2018-05-10 20:55:23,401 DEBUG n.a.d.j.g.l.MqttLogger [Thread-2] Message published
2018-05-10 20:55:23,476 DEBUG n.a.d.j.g.l.MqttLogger [Thread-2] Message published
2018-05-10 20:55:23,569 DEBUG n.a.d.j.g.l.MqttLogger [Thread-2] Message published
2018-05-10 20:55:23,650 DEBUG n.a.d.j.g.l.MqttLogger [Thread-2] Message published
2018-05-10 20:55:23,755 DEBUG n.a.d.j.g.l.MqttLogger [Thread-2] Message published
2018-05-10 20:55:23,824 DEBUG n.a.d.j.g.l.MqttLogger [Thread-2] Message published
2018-05-10 20:55:23,927 DEBUG n.a.d.j.g.l.MqttLogger [Thread-2] Message published
2018-05-10 20:55:24,021 DEBUG n.a.d.j.g.l.MqttLogger [Thread-2] Message published
2018-05-10 20:55:24,115 DEBUG n.a.d.j.g.l.MqttLogger [Thread-2] Message published
2018-05-10 20:55:24,226 DEBUG n.a.d.j.g.l.MqttLogger [Thread-2] Message published
2018-05-10 20:55:24,341 DEBUG n.a.d.j.g.l.MqttLogger [Thread-2] Message published
2018-05-10 20:55:24,443 DEBUG n.a.d.j.g.l.MqttLogger [Thread-2] Message published
2018-05-10 20:55:24,542 DEBUG n.a.d.j.g.l.MqttLogger [Thread-2] Message published
2018-05-10 20:55:24,611 DEBUG n.a.d.j.g.l.MqttLogger [Thread-2] Message published
2018-05-10 20:55:24,722 DEBUG n.a.d.j.g.l.MqttLogger [Thread-2] Message published
2018-05-10 20:55:24,814 DEBUG n.a.d.j.g.l.MqttLogger [Thread-2] Message published
2018-05-10 20:55:24,907 DEBUG n.a.d.j.g.l.MqttLogger [Thread-2] Message published
2018-05-10 20:55:25,007 DEBUG n.a.d.j.g.l.MqttLogger [Thread-2] Message published
2018-05-10 20:55:25,086 DEBUG n.a.d.j.g.l.MqttLogger [Thread-2] Message published
2018-05-10 20:55:25,188 DEBUG n.a.d.j.g.l.MqttLogger [Thread-2] Message published
2018-05-10 20:55:25,278 DEBUG n.a.d.j.g.l.MqttLogger [Thread-2] Message published
2018-05-10 20:55:25,367 DEBUG n.a.d.j.g.l.MqttLogger [Thread-2] Message published
2018-05-10 20:55:25,443 DEBUG n.a.d.j.g.l.MqttLogger [Thread-2] Message published
2018-05-10 20:55:25,531 DEBUG n.a.d.j.g.l.MqttLogger [Thread-2] Message published
2018-05-10 20:55:25,611 DEBUG n.a.d.j.g.l.MqttLogger [Thread-2] Message published
2018-05-10 20:55:25,725 DEBUG n.a.d.j.g.l.MqttLogger [Thread-2] Message published
2018-05-10 20:55:25,832 DEBUG n.a.d.j.g.l.MqttLogger [Thread-2] Message published
2018-05-10 20:55:25,947 DEBUG n.a.d.j.g.l.MqttLogger [Thread-2] Message published
2018-05-10 20:55:26,046 DEBUG n.a.d.j.g.l.MqttLogger [Thread-2] Message published
2018-05-10 20:55:26,154 DEBUG n.a.d.j.g.l.MqttLogger [Thread-2] Message published
2018-05-10 20:55:26,248 DEBUG n.a.d.j.g.l.MqttLogger [Thread-2] Message published
2018-05-10 20:55:26,342 DEBUG n.a.d.j.g.l.MqttLogger [Thread-2] Message published
2018-05-10 20:55:26,428 DEBUG n.a.d.j.g.l.MqttLogger [Thread-2] Message published
2018-05-10 20:55:26,544 DEBUG n.a.d.j.g.l.MqttLogger [Thread-2] Message published
2018-05-10 20:55:26,653 DEBUG n.a.d.j.g.l.MqttLogger [Thread-2] Message published
2018-05-10 20:55:26,759 DEBUG n.a.d.j.g.l.MqttLogger [Thread-2] Message published
2018-05-10 20:55:26,853 DEBUG n.a.d.j.g.l.MqttLogger [Thread-2] Message published
2018-05-10 20:55:26,931 DEBUG n.a.d.j.g.l.MqttLogger [Thread-2] Message published
2018-05-10 20:55:27,048 DEBUG n.a.d.j.g.l.MqttLogger [Thread-2] Message published
2018-05-10 20:55:27,143 DEBUG n.a.d.j.g.l.MqttLogger [Thread-2] Message published
2018-05-10 20:55:27,225 DEBUG n.a.d.j.g.l.MqttLogger [Thread-2] Message published
2018-05-10 20:55:27,352 DEBUG n.a.d.j.g.l.MqttLogger [Thread-2] Message published
2018-05-10 20:55:27,449 DEBUG n.a.d.j.g.l.MqttLogger [Thread-2] Message published
2018-05-10 20:55:27,567 DEBUG n.a.d.j.g.l.MqttLogger [Thread-2] Message published
2018-05-10 20:55:27,664 DEBUG n.a.d.j.g.l.MqttLogger [Thread-2] Message published
2018-05-10 20:55:27,770 DEBUG n.a.d.j.g.l.MqttLogger [Thread-2] Message published
2018-05-10 20:55:27,847 DEBUG n.a.d.j.g.l.MqttLogger [Thread-2] Message published
2018-05-10 20:55:27,921 DEBUG n.a.d.j.g.l.MqttLogger [Thread-2] Message published
2018-05-10 20:55:28,017 DEBUG n.a.d.j.g.l.MqttLogger [Thread-2] Message published
2018-05-10 20:55:28,130 DEBUG n.a.d.j.g.l.MqttLogger [Thread-2] Message published
2018-05-10 20:55:28,222 DEBUG n.a.d.j.g.l.MqttLogger [Thread-2] Message published
2018-05-10 20:55:28,320 DEBUG n.a.d.j.g.l.MqttLogger [Thread-2] Message published
2018-05-10 20:55:28,426 DEBUG n.a.d.j.g.l.MqttLogger [Thread-2] Message published
2018-05-10 20:55:28,529 DEBUG n.a.d.j.g.l.MqttLogger [Thread-2] Message published
2018-05-10 20:55:28,643 DEBUG n.a.d.j.g.l.MqttLogger [Thread-2] Message published
2018-05-10 20:55:28,755 DEBUG n.a.d.j.g.l.MqttLogger [Thread-2] Message published
2018-05-10 20:55:28,851 DEBUG n.a.d.j.g.l.MqttLogger [Thread-2] Message published
2018-05-10 20:55:28,967 DEBUG n.a.d.j.g.l.MqttLogger [Thread-2] Message published
2018-05-10 20:55:29,042 DEBUG n.a.d.j.g.l.MqttLogger [Thread-2] Message published
2018-05-10 20:55:29,129 DEBUG n.a.d.j.g.l.MqttLogger [Thread-2] Message published
2018-05-10 20:55:29,206 DEBUG n.a.d.j.g.l.MqttLogger [Thread-2] Message published
2018-05-10 20:55:29,304 DEBUG n.a.d.j.g.l.MqttLogger [Thread-2] Message published
2018-05-10 20:55:29,412 DEBUG n.a.d.j.g.l.MqttLogger [Thread-2] Message published
2018-05-10 20:55:29,484 DEBUG n.a.d.j.g.l.MqttLogger [Thread-2] Message published
2018-05-10 20:55:29,558 DEBUG n.a.d.j.g.l.MqttLogger [Thread-2] Message published
2018-05-10 20:55:29,649 DEBUG n.a.d.j.g.l.MqttLogger [Thread-2] Message published
2018-05-10 20:55:29,719 DEBUG n.a.d.j.g.l.MqttLogger [Thread-2] Message published
2018-05-10 20:55:29,791 DEBUG n.a.d.j.g.l.MqttLogger [Thread-2] Message published
2018-05-10 20:55:29,888 DEBUG n.a.d.j.g.l.MqttLogger [Thread-2] Message published
2018-05-10 20:55:29,958 DEBUG n.a.d.j.g.l.MqttLogger [Thread-2] Message published
2018-05-10 20:55:30,031 DEBUG n.a.d.j.g.l.MqttLogger [Thread-2] Message published
2018-05-10 20:55:30,096 DEBUG n.a.d.j.g.l.MqttLogger [Thread-2] Message published
2018-05-10 20:55:30,185 DEBUG n.a.d.j.g.l.MqttLogger [Thread-2] Message published
2018-05-10 20:55:30,304 DEBUG n.a.d.j.g.l.MqttLogger [Thread-2] Message published
2018-05-10 20:55:30,413 DEBUG n.a.d.j.g.l.MqttLogger [Thread-2] Message published
2018-05-10 20:55:30,513 TRACE n.a.d.j.g.EventGenerator [Thread-2] Generator( test ) generated 0.0 events/sec
2018-05-10 20:55:30,530 DEBUG n.a.d.j.g.l.MqttLogger [Thread-2] Message published
2018-05-10 20:55:30,636 DEBUG n.a.d.j.g.l.MqttLogger [Thread-2] Message published
2018-05-10 20:55:42,318 DEBUG n.a.d.j.g.l.MqttLogger [Thread-2] Message published
2018-05-10 20:55:42,412 TRACE n.a.d.j.g.EventGenerator [Thread-2] Generator( test ) generated 0.0 events/sec
2018-05-10 20:55:42,430 DEBUG n.a.d.j.g.l.MqttLogger [Thread-2] Message published
2018-05-10 20:55:42,523 DEBUG n.a.d.j.g.l.MqttLogger [Thread-2] Message published
2018-05-10 20:55:42,604 DEBUG n.a.d.j.g.l.MqttLogger [Thread-2] Message published
2018-05-10 20:55:42,699 DEBUG n.a.d.j.g.l.MqttLogger [Thread-2] Message published
2018-05-10 20:55:42,822 DEBUG n.a.d.j.g.l.MqttLogger [Thread-2] Message published
2018-05-10 20:55:42,909 DEBUG n.a.d.j.g.l.MqttLogger [Thread-2] Message published
2018-05-10 20:55:42,983 DEBUG n.a.d.j.g.l.MqttLogger [Thread-2] Message published
2018-05-10 20:55:43,072 DEBUG n.a.d.j.g.l.MqttLogger [Thread-2] Message published
2018-05-10 20:55:43,150 DEBUG n.a.d.j.g.l.MqttLogger [Thread-2] Message published
2018-05-10 20:55:43,255 DEBUG n.a.d.j.g.l.MqttLogger [Thread-2] Message published
2018-05-10 20:55:43,329 DEBUG n.a.d.j.g.l.MqttLogger [Thread-2] Message published
2018-05-10 20:55:43,430 DEBUG n.a.d.j.g.l.MqttLogger [Thread-2] Message published
2018-05-10 20:55:43,517 DEBUG n.a.d.j.g.l.MqttLogger [Thread-2] Message published
2018-05-10 20:55:43,601 DEBUG n.a.d.j.g.l.MqttLogger [Thread-2] Message published
2018-05-10 20:55:43,688 DEBUG n.a.d.j.g.l.MqttLogger [Thread-2] Message published
2018-05-10 20:55:43,769 DEBUG n.a.d.j.g.l.MqttLogger [Thread-2] Message published
2018-05-10 20:55:43,883 DEBUG n.a.d.j.g.l.MqttLogger [Thread-2] Message published
2018-05-10 20:55:43,979 DEBUG n.a.d.j.g.l.MqttLogger [Thread-2] Message published
2018-05-10 20:55:44,061 DEBUG n.a.d.j.g.l.MqttLogger [Thread-2] Message published
2018-05-10 20:55:44,174 DEBUG n.a.d.j.g.l.MqttLogger [Thread-2] Message published
2018-05-10 20:55:44,284 DEBUG n.a.d.j.g.l.MqttLogger [Thread-2] Message published
2018-05-10 20:55:44,379 DEBUG n.a.d.j.g.l.MqttLogger [Thread-2] Message published
2018-05-10 20:55:44,467 DEBUG n.a.d.j.g.l.MqttLogger [Thread-2] Message published
2018-05-10 20:55:44,549 DEBUG n.a.d.j.g.l.MqttLogger [Thread-2] Message published
2018-05-10 20:55:44,630 DEBUG n.a.d.j.g.l.MqttLogger [Thread-2] Message published
2018-05-10 20:55:44,724 DEBUG n.a.d.j.g.l.MqttLogger [Thread-2] Message published
2018-05-10 20:55:44,825 DEBUG n.a.d.j.g.l.MqttLogger [Thread-2] Message published
2018-05-10 20:55:44,898 DEBUG n.a.d.j.g.l.MqttLogger [Thread-2] Message published
2018-05-10 20:55:45,009 DEBUG n.a.d.j.g.l.MqttLogger [Thread-2] Message published
2018-05-10 20:55:45,095 DEBUG n.a.d.j.g.l.MqttLogger [Thread-2] Message published
2018-05-10 20:55:45,173 DEBUG n.a.d.j.g.l.MqttLogger [Thread-2] Message published
2018-05-10 20:55:45,265 DEBUG n.a.d.j.g.l.MqttLogger [Thread-2] Message published
2018-05-10 20:55:45,383 DEBUG n.a.d.j.g.l.MqttLogger [Thread-2] Message published
2018-05-10 20:55:45,486 DEBUG n.a.d.j.g.l.MqttLogger [Thread-2] Message published
2018-05-10 20:55:45,560 DEBUG n.a.d.j.g.l.MqttLogger [Thread-2] Message published
2018-05-10 20:55:45,639 DEBUG n.a.d.j.g.l.MqttLogger [Thread-2] Message published
2018-05-10 20:55:45,706 DEBUG n.a.d.j.g.l.MqttLogger [Thread-2] Message published
2018-05-10 20:55:45,811 DEBUG n.a.d.j.g.l.MqttLogger [Thread-2] Message published
2018-05-10 20:55:45,915 DEBUG n.a.d.j.g.l.MqttLogger [Thread-2] Message published
2018-05-10 20:55:46,031 DEBUG n.a.d.j.g.l.MqttLogger [Thread-2] Message published
2018-05-10 20:55:46,129 DEBUG n.a.d.j.g.l.MqttLogger [Thread-2] Message published
2018-05-10 20:55:46,210 DEBUG n.a.d.j.g.l.MqttLogger [Thread-2] Message published
2018-05-10 20:55:46,303 DEBUG n.a.d.j.g.l.MqttLogger [Thread-2] Message published
2018-05-10 20:55:46,400 DEBUG n.a.d.j.g.l.MqttLogger [Thread-2] Message published
2018-05-10 20:55:46,467 DEBUG n.a.d.j.g.l.MqttLogger [Thread-2] Message published
2018-05-10 20:55:46,546 DEBUG n.a.d.j.g.l.MqttLogger [Thread-2] Message published
2018-05-10 20:55:46,623 DEBUG n.a.d.j.g.l.MqttLogger [Thread-2] Message published
2018-05-10 20:55:46,702 DEBUG n.a.d.j.g.l.MqttLogger [Thread-2] Message published
2018-05-10 20:55:46,809 DEBUG n.a.d.j.g.l.MqttLogger [Thread-2] Message published
2018-05-10 20:55:46,883 DEBUG n.a.d.j.g.l.MqttLogger [Thread-2] Message published
2018-05-10 20:55:46,997 DEBUG n.a.d.j.g.l.MqttLogger [Thread-2] Message published
2018-05-10 20:55:47,115 DEBUG n.a.d.j.g.l.MqttLogger [Thread-2] Message published
2018-05-10 20:55:47,213 DEBUG n.a.d.j.g.l.MqttLogger [Thread-2] Message published
2018-05-10 20:55:47,327 DEBUG n.a.d.j.g.l.MqttLogger [Thread-2] Message published
2018-05-10 20:55:47,415 DEBUG n.a.d.j.g.l.MqttLogger [Thread-2] Message published
2018-05-10 20:55:47,533 DEBUG n.a.d.j.g.l.MqttLogger [Thread-2] Message published
2018-05-10 20:55:47,619 DEBUG n.a.d.j.g.l.MqttLogger [Thread-2] Message published
2018-05-10 20:55:47,690 DEBUG n.a.d.j.g.l.MqttLogger [Thread-2] Message published
2018-05-10 20:55:47,773 DEBUG n.a.d.j.g.l.MqttLogger [Thread-2] Message published
2018-05-10 20:55:47,879 DEBUG n.a.d.j.g.l.MqttLogger [Thread-2] Message published
2018-05-10 20:55:47,977 DEBUG n.a.d.j.g.l.MqttLogger [Thread-2] Message published
2018-05-10 20:55:48,061 DEBUG n.a.d.j.g.l.MqttLogger [Thread-2] Message published
2018-05-10 20:55:48,139 DEBUG n.a.d.j.g.l.MqttLogger [Thread-2] Message published
2018-05-10 20:55:48,235 DEBUG n.a.d.j.g.l.MqttLogger [Thread-2] Message published
2018-05-10 20:55:48,330 DEBUG n.a.d.j.g.l.MqttLogger [Thread-2] Message published
2018-05-10 20:55:48,433 DEBUG n.a.d.j.g.l.MqttLogger [Thread-2] Message published
2018-05-10 20:55:48,507 DEBUG n.a.d.j.g.l.MqttLogger [Thread-2] Message published
2018-05-10 20:55:48,587 DEBUG n.a.d.j.g.l.MqttLogger [Thread-2] Message published
2018-05-10 20:55:48,701 DEBUG n.a.d.j.g.l.MqttLogger [Thread-2] Message published
2018-05-10 20:55:48,803 DEBUG n.a.d.j.g.l.MqttLogger [Thread-2] Message published
2018-05-10 20:55:48,900 DEBUG n.a.d.j.g.l.MqttLogger [Thread-2] Message published
2018-05-10 20:55:48,989 DEBUG n.a.d.j.g.l.MqttLogger [Thread-2] Message published
2018-05-10 20:55:49,062 DEBUG n.a.d.j.g.l.MqttLogger [Thread-2] Message published
2018-05-10 20:55:49,178 DEBUG n.a.d.j.g.l.MqttLogger [Thread-2] Message published
2018-05-10 20:55:49,286 DEBUG n.a.d.j.g.l.MqttLogger [Thread-2] Message published
2018-05-10 20:55:49,389 DEBUG n.a.d.j.g.l.MqttLogger [Thread-2] Message published
2018-05-10 20:55:49,497 DEBUG n.a.d.j.g.l.MqttLogger [Thread-2] Message published
2018-05-10 20:55:49,598 DEBUG n.a.d.j.g.l.MqttLogger [Thread-2] Message published
2018-05-10 20:55:49,686 DEBUG n.a.d.j.g.l.MqttLogger [Thread-2] Message published
2018-05-10 20:55:49,766 DEBUG n.a.d.j.g.l.MqttLogger [Thread-2] Message published
2018-05-10 20:55:49,869 DEBUG n.a.d.j.g.l.MqttLogger [Thread-2] Message published
2018-05-10 20:55:49,954 DEBUG n.a.d.j.g.l.MqttLogger [Thread-2] Message published
2018-05-10 20:55:50,037 DEBUG n.a.d.j.g.l.MqttLogger [Thread-2] Message published
2018-05-10 20:55:50,131 DEBUG n.a.d.j.g.l.MqttLogger [Thread-2] Message published
2018-05-10 20:55:50,251 DEBUG n.a.d.j.g.l.MqttLogger [Thread-2] Message published
2018-05-10 20:55:50,352 DEBUG n.a.d.j.g.l.MqttLogger [Thread-2] Message published
2018-05-10 20:55:50,500 DEBUG n.a.d.j.g.l.MqttLogger [Thread-2] Message published
2018-05-10 20:55:50,570 DEBUG n.a.d.j.g.l.MqttLogger [Thread-2] Message published
2018-05-10 20:55:50,681 DEBUG n.a.d.j.g.l.MqttLogger [Thread-2] Message published
2018-05-10 20:55:50,778 DEBUG n.a.d.j.g.l.MqttLogger [Thread-2] Message published
2018-05-10 20:55:50,864 DEBUG n.a.d.j.g.l.MqttLogger [Thread-2] Message published
2018-05-10 20:55:50,939 DEBUG n.a.d.j.g.l.MqttLogger [Thread-2] Message published
2018-05-10 20:55:51,047 DEBUG n.a.d.j.g.l.MqttLogger [Thread-2] Message published
2018-05-10 20:55:51,152 DEBUG n.a.d.j.g.l.MqttLogger [Thread-2] Message published
2018-05-10 20:55:51,266 DEBUG n.a.d.j.g.l.MqttLogger [Thread-2] Message published
2018-05-10 20:55:51,365 DEBUG n.a.d.j.g.l.MqttLogger [Thread-2] Message published
2018-05-10 20:55:51,443 DEBUG n.a.d.j.g.l.MqttLogger [Thread-2] Message published
2018-05-10 20:55:51,530 DEBUG n.a.d.j.g.l.MqttLogger [Thread-2] Message published
2018-05-10 20:55:51,632 DEBUG n.a.d.j.g.l.MqttLogger [Thread-2] Message published
2018-05-10 20:55:51,745 DEBUG n.a.d.j.g.l.MqttLogger [Thread-2] Message published
2018-05-10 20:55:51,828 DEBUG n.a.d.j.g.l.MqttLogger [Thread-2] Message published
2018-05-10 20:55:51,930 DEBUG n.a.d.j.g.l.MqttLogger [Thread-2] Message published
2018-05-10 20:55:52,012 DEBUG n.a.d.j.g.l.MqttLogger [Thread-2] Message published
2018-05-10 20:55:52,123 DEBUG n.a.d.j.g.l.MqttLogger [Thread-2] Message published
2018-05-10 20:55:52,218 DEBUG n.a.d.j.g.l.MqttLogger [Thread-2] Message published
2018-05-10 20:55:52,331 DEBUG n.a.d.j.g.l.MqttLogger [Thread-2] Message published
2018-05-10 20:55:52,405 DEBUG n.a.d.j.g.l.MqttLogger [Thread-2] Message published
2018-05-10 20:55:52,504 DEBUG n.a.d.j.g.l.MqttLogger [Thread-2] Message published
2018-05-10 20:55:52,568 TRACE n.a.d.j.g.EventGenerator [Thread-2] Generator( test ) generated 0.0 events/sec
2018-05-10 20:55:52,585 DEBUG n.a.d.j.g.l.MqttLogger [Thread-2] Message published
2018-05-10 20:55:52,670 DEBUG n.a.d.j.g.l.MqttLogger [Thread-2] Message published
2018-05-10 20:56:00,527 DEBUG n.a.d.j.g.l.MqttLogger [Thread-2] Message published
2018-05-10 20:56:00,623 TRACE n.a.d.j.g.EventGenerator [Thread-2] Generator( test ) generated 0.0 events/sec
2018-05-10 20:56:00,638 DEBUG n.a.d.j.g.l.MqttLogger [Thread-2] Message published
2018-05-10 20:56:00,736 DEBUG n.a.d.j.g.l.MqttLogger [Thread-2] Message published
2018-05-10 20:56:00,814 DEBUG n.a.d.j.g.l.MqttLogger [Thread-2] Message published
2018-05-10 20:56:00,882 DEBUG n.a.d.j.g.l.MqttLogger [Thread-2] Message published
2018-05-10 20:56:00,992 DEBUG n.a.d.j.g.l.MqttLogger [Thread-2] Message published
2018-05-10 20:56:01,107 DEBUG n.a.d.j.g.l.MqttLogger [Thread-2] Message published
2018-05-10 20:56:01,204 DEBUG n.a.d.j.g.l.MqttLogger [Thread-2] Message published
2018-05-10 20:56:01,287 DEBUG n.a.d.j.g.l.MqttLogger [Thread-2] Message published
2018-05-10 20:56:01,379 DEBUG n.a.d.j.g.l.MqttLogger [Thread-2] Message published
2018-05-10 20:56:01,455 DEBUG n.a.d.j.g.l.MqttLogger [Thread-2] Message published
2018-05-10 20:56:01,568 DEBUG n.a.d.j.g.l.MqttLogger [Thread-2] Message published
2018-05-10 20:56:01,654 DEBUG n.a.d.j.g.l.MqttLogger [Thread-2] Message published
2018-05-10 20:56:01,760 DEBUG n.a.d.j.g.l.MqttLogger [Thread-2] Message published
2018-05-10 20:56:01,830 DEBUG n.a.d.j.g.l.MqttLogger [Thread-2] Message published
2018-05-10 20:56:01,909 DEBUG n.a.d.j.g.l.MqttLogger [Thread-2] Message published
2018-05-10 20:56:01,993 DEBUG n.a.d.j.g.l.MqttLogger [Thread-2] Message published
2018-05-10 20:56:02,101 DEBUG n.a.d.j.g.l.MqttLogger [Thread-2] Message published
2018-05-10 20:56:02,203 DEBUG n.a.d.j.g.l.MqttLogger [Thread-2] Message published
2018-05-10 20:56:02,275 DEBUG n.a.d.j.g.l.MqttLogger [Thread-2] Message published
2018-05-10 20:56:02,366 DEBUG n.a.d.j.g.l.MqttLogger [Thread-2] Message published
2018-05-10 20:56:02,443 DEBUG n.a.d.j.g.l.MqttLogger [Thread-2] Message published
2018-05-10 20:56:02,518 DEBUG n.a.d.j.g.l.MqttLogger [Thread-2] Message published
2018-05-10 20:56:02,621 DEBUG n.a.d.j.g.l.MqttLogger [Thread-2] Message published
2018-05-10 20:56:02,695 DEBUG n.a.d.j.g.l.MqttLogger [Thread-2] Message published
2018-05-10 20:56:02,781 DEBUG n.a.d.j.g.l.MqttLogger [Thread-2] Message published
2018-05-10 20:56:02,861 DEBUG n.a.d.j.g.l.MqttLogger [Thread-2] Message published
2018-05-10 20:56:02,950 DEBUG n.a.d.j.g.l.MqttLogger [Thread-2] Message published
2018-05-10 20:56:03,025 DEBUG n.a.d.j.g.l.MqttLogger [Thread-2] Message published
2018-05-10 20:56:03,116 DEBUG n.a.d.j.g.l.MqttLogger [Thread-2] Message published
2018-05-10 20:56:03,212 DEBUG n.a.d.j.g.l.MqttLogger [Thread-2] Message published
2018-05-10 20:56:03,306 DEBUG n.a.d.j.g.l.MqttLogger [Thread-2] Message published
2018-05-10 20:56:03,417 DEBUG n.a.d.j.g.l.MqttLogger [Thread-2] Message published
2018-05-10 20:56:03,496 DEBUG n.a.d.j.g.l.MqttLogger [Thread-2] Message published
2018-05-10 20:56:03,587 DEBUG n.a.d.j.g.l.MqttLogger [Thread-2] Message published
2018-05-10 20:56:03,675 DEBUG n.a.d.j.g.l.MqttLogger [Thread-2] Message published
2018-05-10 20:56:03,766 DEBUG n.a.d.j.g.l.MqttLogger [Thread-2] Message published
2018-05-10 20:56:03,853 DEBUG n.a.d.j.g.l.MqttLogger [Thread-2] Message published
2018-05-10 20:56:03,935 DEBUG n.a.d.j.g.l.MqttLogger [Thread-2] Message published
2018-05-10 20:56:04,031 DEBUG n.a.d.j.g.l.MqttLogger [Thread-2] Message published
2018-05-10 20:56:04,121 DEBUG n.a.d.j.g.l.MqttLogger [Thread-2] Message published
2018-05-10 20:56:04,194 DEBUG n.a.d.j.g.l.MqttLogger [Thread-2] Message published
2018-05-10 20:56:04,311 DEBUG n.a.d.j.g.l.MqttLogger [Thread-2] Message published
2018-05-10 20:56:04,428 DEBUG n.a.d.j.g.l.MqttLogger [Thread-2] Message published
2018-05-10 20:56:04,520 DEBUG n.a.d.j.g.l.MqttLogger [Thread-2] Message published
2018-05-10 20:56:04,633 DEBUG n.a.d.j.g.l.MqttLogger [Thread-2] Message published
2018-05-10 20:56:04,845 DEBUG n.a.d.j.g.l.MqttLogger [Thread-2] Message published
2018-05-10 20:56:04,958 DEBUG n.a.d.j.g.l.MqttLogger [Thread-2] Message published
2018-05-10 20:56:05,050 DEBUG n.a.d.j.g.l.MqttLogger [Thread-2] Message published
2018-05-10 20:56:05,154 DEBUG n.a.d.j.g.l.MqttLogger [Thread-2] Message published
2018-05-10 20:56:05,232 DEBUG n.a.d.j.g.l.MqttLogger [Thread-2] Message published
2018-05-10 20:56:05,342 DEBUG n.a.d.j.g.l.MqttLogger [Thread-2] Message published
2018-05-10 20:56:05,434 DEBUG n.a.d.j.g.l.MqttLogger [Thread-2] Message published
2018-05-10 20:56:05,509 DEBUG n.a.d.j.g.l.MqttLogger [Thread-2] Message published
2018-05-10 20:56:05,619 DEBUG n.a.d.j.g.l.MqttLogger [Thread-2] Message published
2018-05-10 20:56:05,693 DEBUG n.a.d.j.g.l.MqttLogger [Thread-2] Message published
2018-05-10 20:56:05,774 DEBUG n.a.d.j.g.l.MqttLogger [Thread-2] Message published
2018-05-10 20:56:05,851 DEBUG n.a.d.j.g.l.MqttLogger [Thread-2] Message published
2018-05-10 20:56:05,973 DEBUG n.a.d.j.g.l.MqttLogger [Thread-2] Message published
2018-05-10 20:56:06,073 DEBUG n.a.d.j.g.l.MqttLogger [Thread-2] Message published
2018-05-10 20:56:06,211 DEBUG n.a.d.j.g.l.MqttLogger [Thread-2] Message published
2018-05-10 20:56:06,314 DEBUG n.a.d.j.g.l.MqttLogger [Thread-2] Message published
2018-05-10 20:56:06,444 DEBUG n.a.d.j.g.l.MqttLogger [Thread-2] Message published
2018-05-10 20:56:06,544 DEBUG n.a.d.j.g.l.MqttLogger [Thread-2] Message published
2018-05-10 20:56:06,627 DEBUG n.a.d.j.g.l.MqttLogger [Thread-2] Message published
2018-05-10 20:56:06,717 DEBUG n.a.d.j.g.l.MqttLogger [Thread-2] Message published
2018-05-10 20:56:06,832 DEBUG n.a.d.j.g.l.MqttLogger [Thread-2] Message published
2018-05-10 20:56:06,912 DEBUG n.a.d.j.g.l.MqttLogger [Thread-2] Message published
2018-05-10 20:56:07,002 DEBUG n.a.d.j.g.l.MqttLogger [Thread-2] Message published
2018-05-10 20:56:07,074 DEBUG n.a.d.j.g.l.MqttLogger [Thread-2] Message published
2018-05-10 20:56:07,169 DEBUG n.a.d.j.g.l.MqttLogger [Thread-2] Message published
2018-05-10 20:56:07,287 DEBUG n.a.d.j.g.l.MqttLogger [Thread-2] Message published
2018-05-10 20:56:07,383 DEBUG n.a.d.j.g.l.MqttLogger [Thread-2] Message published
2018-05-10 20:56:07,497 DEBUG n.a.d.j.g.l.MqttLogger [Thread-2] Message published
2018-05-10 20:56:07,574 DEBUG n.a.d.j.g.l.MqttLogger [Thread-2] Message published
2018-05-10 20:56:07,655 DEBUG n.a.d.j.g.l.MqttLogger [Thread-2] Message published
2018-05-10 20:56:07,762 DEBUG n.a.d.j.g.l.MqttLogger [Thread-2] Message published
2018-05-10 20:56:07,876 DEBUG n.a.d.j.g.l.MqttLogger [Thread-2] Message published
2018-05-10 20:56:07,981 DEBUG n.a.d.j.g.l.MqttLogger [Thread-2] Message published
2018-05-10 20:56:08,059 DEBUG n.a.d.j.g.l.MqttLogger [Thread-2] Message published
2018-05-10 20:56:08,174 DEBUG n.a.d.j.g.l.MqttLogger [Thread-2] Message published
2018-05-10 20:56:08,281 DEBUG n.a.d.j.g.l.MqttLogger [Thread-2] Message published
2018-05-10 20:56:08,366 DEBUG n.a.d.j.g.l.MqttLogger [Thread-2] Message published
2018-05-10 20:56:08,434 DEBUG n.a.d.j.g.l.MqttLogger [Thread-2] Message published
2018-05-10 20:56:08,527 DEBUG n.a.d.j.g.l.MqttLogger [Thread-2] Message published
2018-05-10 20:56:08,636 DEBUG n.a.d.j.g.l.MqttLogger [Thread-2] Message published
2018-05-10 20:56:08,712 DEBUG n.a.d.j.g.l.MqttLogger [Thread-2] Message published
2018-05-10 20:56:08,802 DEBUG n.a.d.j.g.l.MqttLogger [Thread-2] Message published
2018-05-10 20:56:08,903 DEBUG n.a.d.j.g.l.MqttLogger [Thread-2] Message published
2018-05-10 20:56:08,975 DEBUG n.a.d.j.g.l.MqttLogger [Thread-2] Message published
2018-05-10 20:56:09,045 DEBUG n.a.d.j.g.l.MqttLogger [Thread-2] Message published
2018-05-10 20:56:09,159 DEBUG n.a.d.j.g.l.MqttLogger [Thread-2] Message published
2018-05-10 20:56:09,241 DEBUG n.a.d.j.g.l.MqttLogger [Thread-2] Message published
2018-05-10 20:56:09,322 DEBUG n.a.d.j.g.l.MqttLogger [Thread-2] Message published
2018-05-10 20:56:09,397 DEBUG n.a.d.j.g.l.MqttLogger [Thread-2] Message published
2018-05-10 20:56:09,467 DEBUG n.a.d.j.g.l.MqttLogger [Thread-2] Message published
2018-05-10 20:56:09,570 DEBUG n.a.d.j.g.l.MqttLogger [Thread-2] Message published
2018-05-10 20:56:09,640 DEBUG n.a.d.j.g.l.MqttLogger [Thread-2] Message published
2018-05-10 20:56:09,738 DEBUG n.a.d.j.g.l.MqttLogger [Thread-2] Message published
2018-05-10 20:56:09,812 DEBUG n.a.d.j.g.l.MqttLogger [Thread-2] Message published
2018-05-10 20:56:09,883 DEBUG n.a.d.j.g.l.MqttLogger [Thread-2] Message published
2018-05-10 20:56:09,968 DEBUG n.a.d.j.g.l.MqttLogger [Thread-2] Message published
2018-05-10 20:56:10,065 DEBUG n.a.d.j.g.l.MqttLogger [Thread-2] Message published
2018-05-10 20:56:10,212 DEBUG n.a.d.j.g.l.MqttLogger [Thread-2] Message published
2018-05-10 20:56:10,297 DEBUG n.a.d.j.g.l.MqttLogger [Thread-2] Message published
2018-05-10 20:56:10,395 DEBUG n.a.d.j.g.l.MqttLogger [Thread-2] Message published
2018-05-10 20:56:10,509 DEBUG n.a.d.j.g.l.MqttLogger [Thread-2] Message published
2018-05-10 20:56:10,575 DEBUG n.a.d.j.g.l.MqttLogger [Thread-2] Message published
2018-05-10 20:56:10,665 DEBUG n.a.d.j.g.l.MqttLogger [Thread-2] Message published
2018-05-10 20:56:10,747 TRACE n.a.d.j.g.EventGenerator [Thread-2] Generator( test ) generated 0.0 events/sec
2018-05-10 20:56:10,766 DEBUG n.a.d.j.g.l.MqttLogger [Thread-2] Message published
2018-05-10 20:56:10,838 DEBUG n.a.d.j.g.l.MqttLogger [Thread-2] Message published
2018-05-10 20:56:20,792 INFO n.a.d.j.g.JsonDataGenerator [Thread-3] Shutdown Hook Invoked.  Shutting Down Loggers
2018-05-10 20:56:20,792 INFO n.a.d.j.g.SimulationRunner [Thread-3] Stopping Simulation
